#
# A fatal error has been detected by the Java Runtime Environment:
#
#  EXCEPTION_ACCESS_VIOLATION (0xc0000005) at pc=0x000001acdae0e1fa, pid=1748, tid=12132
#
# JRE version: Java(TM) SE Runtime Environment (13.0.2+8) (build 13.0.2+8)
# Java VM: Java HotSpot(TM) 64-Bit Server VM (13.0.2+8, mixed mode, sharing, tiered, compressed oops, g1 gc, windows-amd64)
# Problematic frame:
# J 1276 c1 java.util.concurrent.ConcurrentHashMap.putVal(Ljava/lang/Object;Ljava/lang/Object;Z)Ljava/lang/Object; java.base@13.0.2 (432 bytes) @ 0x000001acdae0e1fa [0x000001acdae0dda0+0x000000000000045a]
#
# No core dump will be written. Minidumps are not enabled by default on client versions of Windows
#
# If you would like to submit a bug report, please visit:
#   http://bugreport.java.com/bugreport/crash.jsp
#

---------------  S U M M A R Y ------------

Command Line: -Dclassworlds.conf=C:\Program Files\NetBeans-11.3\netbeans\java\maven\bin\m2.conf -Dmaven.home=C:\Program Files\NetBeans-11.3\netbeans\java\maven -Dmaven.multiModuleProjectDirectory=C:\Users\acteck\Documents\NetBeansProjects\181803007-RAMIREZ-JOSEEDUARDO-POO\provedoresCrud org.codehaus.plexus.classworlds.launcher.Launcher -Dnetbeans.deploy=true -Dnetbeans.deploy.clientUrlPart=/formularioProvedor.jsp -Dmaven.ext.class.path=C:\Program Files\NetBeans-11.3\netbeans\java\maven-nblib\netbeans-eventspy.jar -Dfile.encoding=UTF-8 package

Host: Intel(R) Core(TM) i3-4160 CPU @ 3.60GHz, 4 cores, 7G,  Windows 10 , 64 bit Build 17763 (10.0.17763.1158)
Time: Sun Jul  5 16:21:57 2020 Hora de verano central (México) elapsed time: 2 seconds (0d 0h 0m 2s)

---------------  T H R E A D  ---------------

Current thread (0x000001acd08f4800):  JavaThread "main" [_thread_in_Java, id=12132, stack(0x0000009e6a000000,0x0000009e6a100000)]

Stack: [0x0000009e6a000000,0x0000009e6a100000],  sp=0x0000009e6a0fdaf0,  free space=1014k
Native frames: (J=compiled Java code, j=interpreted, Vv=VM code, C=native code)
C  0x000001acdae0e1fa


siginfo: EXCEPTION_ACCESS_VIOLATION (0xc0000005), reading address 0x0000000000000208


Register to memory mapping:

RIP=0x000001acdae0e1fa is at entry_point+1114 in (nmethod*)0x000001acdae0da10
RAX=0x0000000088c554a0 is an oop: [Ljava.util.concurrent.ConcurrentHashMap$Node; 
{0x0000000088c554a0} - klass: 'java/util/concurrent/ConcurrentHashMap$Node'[]
 - length: 256
RBX=0x0 is NULL
RCX=0x000000000000000c is an unknown value
RDX=0x00000000000003a4 is an unknown value
RSP=0x0000009e6a0fdaf0 is pointing into the stack for thread: 0x000001acd08f4800
RBP=0x0000009e6a0fdf50 is pointing into the stack for thread: 0x000001acd08f4800
RSI=0x0000000000000200 is an unknown value
RDI=0x0000000088c554a0 is an oop: [Ljava.util.concurrent.ConcurrentHashMap$Node; 
{0x0000000088c554a0} - klass: 'java/util/concurrent/ConcurrentHashMap$Node'[]
 - length: 256
R8 =0x00000008002a6300 is a pointer to class: 
java.util.concurrent.ConcurrentHashMap$Node {0x00000008002a6308}
R9 =0x00000000878f9f70 is an oop: java.lang.Object 
{0x00000000878f9f70} - klass: 'java/lang/Object'
R10=0x0000000000000010 is an unknown value
R11=0x000001acf0f38dd8 is pointing into metadata
R12=0x0 is NULL
R13=0x0000000000000200 is an unknown value
R14=0x00000000000021dc is an unknown value
R15=0x000001acd08f4800 is a thread


Registers:
RAX=0x0000000088c554a0, RBX=0x0000000000000000, RCX=0x000000000000000c, RDX=0x00000000000003a4
RSP=0x0000009e6a0fdaf0, RBP=0x0000009e6a0fdf50, RSI=0x0000000000000200, RDI=0x0000000088c554a0
R8 =0x00000008002a6300, R9 =0x00000000878f9f70, R10=0x0000000000000010, R11=0x000001acf0f38dd8
R12=0x0000000000000000, R13=0x0000000000000200, R14=0x00000000000021dc, R15=0x000001acd08f4800
RIP=0x000001acdae0e1fa, EFLAGS=0x0000000000010206

Top of Stack: (sp=0x0000009e6a0fdaf0)
0x0000009e6a0fdaf0:   00000000888ab268 00000000878f9e78
0x0000009e6a0fdb00:   00000000878f9ec0 0000009e6a0fdb08
0x0000009e6a0fdb10:   000001acf1436ad5 0000009e6a0fdb80
0x0000009e6a0fdb20:   000001acf1565490 0000000000000000
0x0000009e6a0fdb30:   0000000088868e30 000001acf1436b38
0x0000009e6a0fdb40:   0000000000000000 0000009e6a0fdb60
0x0000009e6a0fdb50:   0000009e6a0fdbd8 000001acda5ca273
0x0000009e6a0fdb60:   00000000ffffffff 0000000000000000
0x0000009e6a0fdb70:   0000009e6a0fdbf0 000001acda5ca273
0x0000009e6a0fdb80:   00000000878f9ec0 000001acda5ca273
0x0000009e6a0fdb90:   00000000878f9ec0 0000000088892a90
0x0000009e6a0fdba0:   0000000088cd72c8 00000000878f9f70
0x0000009e6a0fdbb0:   0000000000000001 0000009e5b835ce5
0x0000009e6a0fdbc0:   000001acf147b7a0 0000000000000000
0x0000009e6a0fdbd0:   000000008885c9e0 000001ac000000e5
0x0000009e6a0fdbe0:   0000000000000000 0000009e6a0fdc00 

Instructions: (pc=0x000001acdae0e1fa)
0x000001acdae0e0fa:   00 48 8d b6 80 01 00 00 48 8b c7 8b 40 08 48 c1
0x000001acdae0e10a:   e0 03 49 bc 00 00 00 00 08 00 00 00 49 03 c4 4d
0x000001acdae0e11a:   33 e4 48 33 46 08 48 a9 fc ff ff ff 74 10 48 a9
0x000001acdae0e12a:   02 00 00 00 75 08 48 81 4e 08 02 00 00 00 48 be
0x000001acdae0e13a:   28 1e 96 88 00 00 00 00 48 b8 a0 62 f3 f0 ac 01
0x000001acdae0e14a:   00 00 48 83 80 48 01 00 00 01 48 be 58 65 f3 f0
0x000001acdae0e15a:   ac 01 00 00 8b 86 04 01 00 00 83 c0 08 89 86 04
0x000001acdae0e16a:   01 00 00 81 e0 f8 ff 7f 00 83 f8 00 0f 84 bc 19
0x000001acdae0e17a:   00 00 8b 34 17 48 8b c7 48 b9 0c 00 00 00 00 00
0x000001acdae0e18a:   00 00 48 3b d1 0f 85 3f 00 00 00 48 83 f8 00 0f
0x000001acdae0e19a:   84 35 00 00 00 8b 40 08 48 c1 e0 03 49 bc 00 00
0x000001acdae0e1aa:   00 00 08 00 00 00 49 03 c4 4d 33 e4 0f be 80 93
0x000001acdae0e1ba:   01 00 00 83 f8 00 0f 84 0e 00 00 00 41 0f be 47
0x000001acdae0e1ca:   30 83 f8 00 0f 85 85 19 00 00 48 83 fe 00 75 16
0x000001acdae0e1da:   48 b9 a0 62 f3 f0 ac 01 00 00 80 89 91 01 00 00
0x000001acdae0e1ea:   01 e9 e2 00 00 00 49 b8 00 63 2a 00 08 00 00 00
0x000001acdae0e1fa:   8b 4e 08 48 c1 e1 03 49 bc 00 00 00 00 08 00 00
0x000001acdae0e20a:   00 49 03 cc 4d 33 e4 4c 3b 41 38 0f 85 9b 00 00
0x000001acdae0e21a:   00 48 b9 a0 62 f3 f0 ac 01 00 00 44 8b 46 08 49
0x000001acdae0e22a:   c1 e0 03 49 bc 00 00 00 00 08 00 00 00 4d 03 c4
0x000001acdae0e23a:   4d 33 e4 4c 3b 81 a8 01 00 00 75 0d 48 83 81 b0
0x000001acdae0e24a:   01 00 00 01 e9 7f 00 00 00 4c 3b 81 b8 01 00 00
0x000001acdae0e25a:   75 0d 48 83 81 c0 01 00 00 01 e9 69 00 00 00 48
0x000001acdae0e26a:   81 b9 a8 01 00 00 00 00 00 00 75 17 4c 89 81 a8
0x000001acdae0e27a:   01 00 00 48 c7 81 b0 01 00 00 01 00 00 00 e9 45
0x000001acdae0e28a:   00 00 00 48 81 b9 b8 01 00 00 00 00 00 00 75 17
0x000001acdae0e29a:   4c 89 81 b8 01 00 00 48 c7 81 c0 01 00 00 01 00
0x000001acdae0e2aa:   00 00 e9 21 00 00 00 e9 1c 00 00 00 48 b9 a0 62
0x000001acdae0e2ba:   f3 f0 ac 01 00 00 48 83 a9 98 01 00 00 01 e9 a4
0x000001acdae0e2ca:   18 00 00 e9 00 00 00 00 48 89 b4 24 d0 00 00 00
0x000001acdae0e2da:   48 83 fe 00 48 b8 d8 8d f3 f0 ac 01 00 00 48 b9
0x000001acdae0e2ea:   80 02 00 00 00 00 00 00 0f 85 0a 00 00 00 48 b9 


Stack slot to memory mapping:
stack at sp + 0 slots: 0x00000000888ab268 is an oop: java.lang.String 
{0x00000000888ab268} - klass: 'java/lang/String'
stack at sp + 1 slots: 0x00000000878f9e78 is an oop: com.google.inject.Key 
{0x00000000878f9e78} - klass: 'com/google/inject/Key'
stack at sp + 2 slots: 0x00000000878f9ec0 is an oop: com.google.inject.spi.Dependency 
{0x00000000878f9ec0} - klass: 'com/google/inject/spi/Dependency'
stack at sp + 3 slots: 0x0000009e6a0fdb08 is pointing into the stack for thread: 0x000001acd08f4800
stack at sp + 4 slots: 0x000001acf1436ad5 is pointing into metadata
stack at sp + 5 slots: 0x0000009e6a0fdb80 is pointing into the stack for thread: 0x000001acd08f4800
stack at sp + 6 slots: 0x000001acf1565490 is pointing into metadata
stack at sp + 7 slots: 0x0 is NULL

--------------------------------------------------------------------------------
[Constant Pool (empty)]

--------------------------------------------------------------------------------

[MachCode]
  0x000001acdae0dda0: 448b 5208 | 49c1 e203 | 49bc 0000 | 0000 0800 | 0000 4d03 | d44d 33e4 | 4c3b d00f | 853f d27f 
  0x000001acdae0ddc0: ff66 6666 | 0f1f 8400 | 0000 0000 | 6666 6690 | 6666 660f | 1f84 0000 | 0000 0066 | 6666 9090 
  0x000001acdae0dde0: 8984 2400 | 90ff ff55 | 4881 ec30 | 0100 0048 | 8994 24a8 | 0000 004c | 8984 24b0 | 0000 004c 
  0x000001acdae0de00: 898c 24b8 | 0000 0089 | bc24 c000 | 0000 48be | d88d f3f0 | ac01 0000 | 8b9e 0401 | 0000 83c3 
  0x000001acdae0de20: 0889 9e04 | 0100 0081 | e3f8 1f00 | 0083 fb00 | 0f84 951c | 0000 4983 | f800 48be | d88d f3f0 
  0x000001acdae0de40: ac01 0000 | 48bb 4801 | 0000 0000 | 0000 0f84 | 0a00 0000 | 48bb 5801 | 0000 0000 | 0000 488b 
  0x000001acdae0de60: 041e 488d | 4001 4889 | 041e 0f84 | 641b 0000 | 4983 f900 | 48be d88d | f3f0 ac01 | 0000 48bb 
  0x000001acdae0de80: 7801 0000 | 0000 0000 | 0f84 0a00 | 0000 48bb | 6801 0000 | 0000 0000 | 488b 041e | 488d 4001 
  0x000001acdae0dea0: 4889 041e | 0f84 2a1b | 0000 493b | 0049 8bf0 | 48bb d88d | f3f0 ac01 | 0000 8b76 | 0848 c1e6 
  0x000001acdae0dec0: 0349 bc00 | 0000 0008 | 0000 0049 | 03f4 4d33 | e448 3bb3 | a801 0000 | 750d 4883 | 83b0 0100 
  0x000001acdae0dee0: 0001 e966 | 0000 0048 | 3bb3 b801 | 0000 750d | 4883 83c0 | 0100 0001 | e950 0000 | 0048 81bb 
  0x000001acdae0df00: a801 0000 | 0000 0000 | 7517 4889 | b3a8 0100 | 0048 c783 | b001 0000 | 0100 0000 | e92c 0000 
  0x000001acdae0df20: 0048 81bb | b801 0000 | 0000 0000 | 7517 4889 | b3b8 0100 | 0048 c783 | c001 0000 | 0100 0000 
  0x000001acdae0df40: e908 0000 | 0048 8383 | 9801 0000 | 0149 8bd0 | 0f1f 4400 | 0048 b840 | d232 0008 | 0000 00e8 
  0x000001acdae0df60: 3c44 2a07 | 48ba d88d | f3f0 ac01 | 0000 4883 | 82d0 0100 | 0001 48ba | 1899 f3f0 | ac01 0000 
  0x000001acdae0df80: 8bb2 0401 | 0000 83c6 | 0889 b204 | 0100 0081 | e6f8 ff7f | 0083 fe00 | 0f84 531b | 0000 488b 
  0x000001acdae0dfa0: d0c1 ea10 | 4833 d081 | e2ff ffff | 7f89 9424 | c800 0000 | 488b b424 | a800 0000 | 8b7e 28bb 
  0x000001acdae0dfc0: 0000 0000 | 899c 24c4 | 0000 000f | 1f44 0000 | 4883 ff00 | 48b9 d88d | f3f0 ac01 | 0000 49bb 
  0x000001acdae0dfe0: e001 0000 | 0000 0000 | 0f84 0a00 | 0000 49bb | f001 0000 | 0000 0000 | 4e8b 2c19 | 4d8d 6d01 
  0x000001acdae0e000: 4e89 2c19 | 0f84 3c00 | 0000 8b4f | 0c83 f900 | 49bb d88d | f3f0 ac01 | 0000 49bd | 0002 0000 
  0x000001acdae0e020: 0000 0000 | 0f85 0a00 | 0000 49bd | 1002 0000 | 0000 0000 | 4f8b 342b | 4d8d 7601 | 4f89 342b 
  0x000001acdae0e040: 0f85 4900 | 0000 488b | c648 b9d8 | 8df3 f0ac | 0100 0048 | 8381 2002 | 0000 0148 | 8bd6 90e8 
  0x000001acdae0e060: 511f 0000 | 48b9 d88d | f3f0 ac01 | 0000 ff81 | 5802 0000 | 8b9c 24c4 | 0000 008b | bc24 c000 
  0x000001acdae0e080: 0000 4c8b | 8c24 b800 | 0000 e9ac | 1600 00ff | c923 8c24 | c800 0000 | 48ba d88d | f3f0 ac01 
  0x000001acdae0e0a0: 0000 4883 | 8270 0200 | 0001 48ba | a062 f3f0 | ac01 0000 | 8bb2 0401 | 0000 83c6 | 0889 b204 
  0x000001acdae0e0c0: 0100 0081 | e6f8 ff7f | 0083 fe00 | 0f84 451a | 0000 4863 | d189 8c24 | e800 0000 | b902 0000 
  0x000001acdae0e0e0: 0048 d3e2 | 49ba 1000 | 0000 0000 | 0000 4903 | d248 bea0 | 62f3 f0ac | 0100 0048 | 8db6 8001 
  0x000001acdae0e100: 0000 488b | c78b 4008 | 48c1 e003 | 49bc 0000 | 0000 0800 | 0000 4903 | c44d 33e4 | 4833 4608 
  0x000001acdae0e120: 48a9 fcff | ffff 7410 | 48a9 0200 | 0000 7508 | 4881 4e08 | 0200 0000 | 48be 281e | 9688 0000 
  0x000001acdae0e140: 0000 48b8 | a062 f3f0 | ac01 0000 | 4883 8048 | 0100 0001 | 48be 5865 | f3f0 ac01 | 0000 8b86 
  0x000001acdae0e160: 0401 0000 | 83c0 0889 | 8604 0100 | 0081 e0f8 | ff7f 0083 | f800 0f84 | bc19 0000 | 8b34 1748 
  0x000001acdae0e180: 8bc7 48b9 | 0c00 0000 | 0000 0000 | 483b d10f | 853f 0000 | 0048 83f8 | 000f 8435 | 0000 008b 
  0x000001acdae0e1a0: 4008 48c1 | e003 49bc | 0000 0000 | 0800 0000 | 4903 c44d | 33e4 0fbe | 8093 0100 | 0083 f800 
  0x000001acdae0e1c0: 0f84 0e00 | 0000 410f | be47 3083 | f800 0f85 | 8519 0000 | 4883 fe00 | 7516 48b9 | a062 f3f0 
  0x000001acdae0e1e0: ac01 0000 | 8089 9101 | 0000 01e9 | e200 0000 | 49b8 0063 | 2a00 0800 | 0000 8b4e | 0848 c1e1 
  0x000001acdae0e200: 0349 bc00 | 0000 0008 | 0000 0049 | 03cc 4d33 | e44c 3b41 | 380f 859b | 0000 0048 | b9a0 62f3 
  0x000001acdae0e220: f0ac 0100 | 0044 8b46 | 0849 c1e0 | 0349 bc00 | 0000 0008 | 0000 004d | 03c4 4d33 | e44c 3b81 
  0x000001acdae0e240: a801 0000 | 750d 4883 | 81b0 0100 | 0001 e97f | 0000 004c | 3b81 b801 | 0000 750d | 4883 81c0 
  0x000001acdae0e260: 0100 0001 | e969 0000 | 0048 81b9 | a801 0000 | 0000 0000 | 7517 4c89 | 81a8 0100 | 0048 c781 
  0x000001acdae0e280: b001 0000 | 0100 0000 | e945 0000 | 0048 81b9 | b801 0000 | 0000 0000 | 7517 4c89 | 81b8 0100 
  0x000001acdae0e2a0: 0048 c781 | c001 0000 | 0100 0000 | e921 0000 | 00e9 1c00 | 0000 48b9 | a062 f3f0 | ac01 0000 
  0x000001acdae0e2c0: 4883 a998 | 0100 0001 | e9a4 1800 | 00e9 0000 | 0000 4889 | b424 d000 | 0000 4883 | fe00 48b8 
  0x000001acdae0e2e0: d88d f3f0 | ac01 0000 | 48b9 8002 | 0000 0000 | 0000 0f85 | 0a00 0000 | 48b9 9002 | 0000 0000 
  0x000001acdae0e300: 0000 4c8b | 0408 4d8d | 4001 4c89 | 0408 4c8b | da0f 8528 | 0200 008b | 9424 c800 | 0000 4c8b 
  0x000001acdae0e320: 8c24 b800 | 0000 4c8b | 8424 b000 | 0000 4c8b | ea48 ba00 | 632a 0008 | 0000 004c | 8bf7 498b 
  0x000001acdae0e340: 8718 0100 | 0048 8d78 | 2049 3bbf | 2801 0000 | 0f87 2418 | 0000 4989 | bf18 0100 | 0048 8b8a 
  0x000001acdae0e360: b800 0000 | 4889 0848 | 8bca 49bc | 0000 0000 | 0800 0000 | 492b cc48 | c1e9 034d | 33e4 8948 
  0x000001acdae0e380: 0848 33c9 | 8948 0c48 | 33c9 4889 | 4810 4889 | 4818 488b | d048 8bc2 | 48be d88d | f3f0 ac01 
  0x000001acdae0e3a0: 0000 4883 | 86a0 0200 | 0001 48b8 | 809a f3f0 | ac01 0000 | 8bb0 0401 | 0000 83c6 | 0889 b004 
  0x000001acdae0e3c0: 0100 0081 | e6f8 ff7f | 0083 fe00 | 0f84 b517 | 0000 488b | c248 be80 | 9af3 f0ac | 0100 0048 
  0x000001acdae0e3e0: 8386 4801 | 0000 0148 | b898 baf2 | f0ac 0100 | 008b b004 | 0100 0083 | c608 89b0 | 0401 0000 
  0x000001acdae0e400: 81e6 f8ff | 7f00 83fe | 000f 8499 | 1700 0044 | 896a 0c41 | 0fbe 4730 | 83f8 000f | 85a8 1700 
  0x000001acdae0e420: 004d 8bd0 | 4489 5210 | 488b c249 | 33c0 48c1 | e814 4883 | f800 0f85 | a817 0000 | 410f be47 
  0x000001acdae0e440: 3083 f800 | 0f85 b217 | 0000 4d8b | d144 8952 | 14f0 8344 | 24c0 0048 | 8bc2 4933 | c148 c1e8 
  0x000001acdae0e460: 1448 83f8 | 000f 85ac | 1700 0048 | b8d8 8df3 | f0ac 0100 | 0048 8380 | b002 0000 | 0148 b820 
  0x000001acdae0e480: 9cf3 f0ac | 0100 008b | b004 0100 | 0083 c608 | 89b0 0401 | 0000 81e6 | f8ff 7f00 | 83fe 000f 
  0x000001acdae0e4a0: 848a 1700 | 004b 8d34 | 1e41 0fbe | 4730 83f8 | 000f 8599 | 1700 0048 | b800 0000 | 0000 0000 
  0x000001acdae0e4c0: 004c 8bd2 | f044 0fb1 | 16bf 0100 | 0000 0f84 | 0500 0000 | bf00 0000 | 0048 8bde | 4833 da48 
  0x000001acdae0e4e0: c1eb 1448 | 83fb 000f | 857d 1700 | 0083 e701 | 83ff 0048 | bad8 8df3 | f0ac 0100 | 0048 bed0 
  0x000001acdae0e500: 0200 0000 | 0000 000f | 850a 0000 | 0048 bec0 | 0200 0000 | 0000 0048 | 8b3c 3248 | 8d7f 0148 
  0x000001acdae0e520: 893c 320f | 857d 1300 | 0049 8bc6 | 8b9c 24c4 | 0000 008b | bc24 c000 | 0000 e9fc | 1100 004c 
  0x000001acdae0e540: 8bf7 448b | ac24 c800 | 0000 4c8b | 8c24 b800 | 0000 4c8b | 8424 b000 | 0000 8b7e | 0c83 ffff 
  0x000001acdae0e560: 48ba d88d | f3f0 ac01 | 0000 48b8 | f802 0000 | 0000 0000 | 0f85 0a00 | 0000 48b8 | 0803 0000 
  0x000001acdae0e580: 0000 0000 | 488b 0c02 | 488d 4901 | 4889 0c02 | 0f85 5a00 | 0000 488b | bc24 a800 | 0000 48bb 
  0x000001acdae0e5a0: d88d f3f0 | ac01 0000 | 4883 8318 | 0300 0001 | 4d8b c64c | 8bce 488b | 9424 a800 | 0000 90e8 
  0x000001acdae0e5c0: 011a 0000 | 49b8 d88d | f3f0 ac01 | 0000 41ff | 8050 0300 | 008b 9c24 | c400 0000 | 8bbc 24c0 
  0x000001acdae0e5e0: 0000 004c | 8b8c 24b8 | 0000 00e9 | 4b11 0000 | 8b84 24c0 | 0000 0083 | f800 49b8 | d88d f3f0 
  0x000001acdae0e600: ac01 0000 | 48ba 7803 | 0000 0000 | 0000 0f85 | 0a00 0000 | 48ba 6803 | 0000 0000 | 0000 498b 
  0x000001acdae0e620: 0c10 488d | 4901 4989 | 0c10 0f85 | 1c00 0000 | 89bc 24cc | 0000 004c | 899c 24e0 | 0000 004c 
  0x000001acdae0e640: 89b4 24d8 | 0000 00e9 | 4602 0000 | 3bbc 24c8 | 0000 0049 | b8d8 8df3 | f0ac 0100 | 0048 ba98 
  0x000001acdae0e660: 0300 0000 | 0000 000f | 840a 0000 | 0048 ba88 | 0300 0000 | 0000 0049 | 8b0c 1048 | 8d49 0149 
  0x000001acdae0e680: 890c 100f | 841c 0000 | 0089 bc24 | cc00 0000 | 4c89 9c24 | e000 0000 | 4c89 b424 | d800 0000 
  0x000001acdae0e6a0: e9ed 0100 | 004c 8b84 | 24b0 0000 | 008b 5610 | 493b d048 | b9d8 8df3 | f0ac 0100 | 0049 b9b8 
  0x000001acdae0e6c0: 0300 0000 | 0000 000f | 850a 0000 | 0049 b9a8 | 0300 0000 | 0000 004e | 8b2c 094d | 8d6d 014e 
  0x000001acdae0e6e0: 892c 090f | 851c 0000 | 0089 bc24 | cc00 0000 | 4c89 9c24 | e000 0000 | 4c89 b424 | d800 0000 
  0x000001acdae0e700: e950 0100 | 0048 83fa | 0048 b9d8 | 8df3 f0ac | 0100 0049 | b9c8 0300 | 0000 0000 | 000f 840a 
  0x000001acdae0e720: 0000 0049 | b9d8 0300 | 0000 0000 | 004e 8b2c | 094d 8d6d | 014e 892c | 0989 bc24 | cc00 0000 
  0x000001acdae0e740: 4c89 9c24 | e000 0000 | 4c89 b424 | d800 0000 | 0f84 3c01 | 0000 4d8b | d849 bdd8 | 8df3 f0ac 
  0x000001acdae0e760: 0100 0045 | 8b5b 0849 | c1e3 0349 | bc00 0000 | 0008 0000 | 004d 03dc | 4d33 e44d | 3b9d f803 
  0x000001acdae0e780: 0000 750d | 4983 8500 | 0400 0001 | e966 0000 | 004d 3b9d | 0804 0000 | 750d 4983 | 8510 0400 
  0x000001acdae0e7a0: 0001 e950 | 0000 0049 | 81bd f803 | 0000 0000 | 0000 7517 | 4d89 9df8 | 0300 0049 | c785 0004 
  0x000001acdae0e7c0: 0000 0100 | 0000 e92c | 0000 0049 | 81bd 0804 | 0000 0000 | 0000 7517 | 4d89 9d08 | 0400 0049 
  0x000001acdae0e7e0: c785 1004 | 0000 0100 | 0000 e908 | 0000 0049 | 8385 e803 | 0000 014d | 8bd8 4c8b | c249 8bd3 
  0x000001acdae0e800: 0f1f 4400 | 0048 b840 | d232 0008 | 0000 00e8 | 0c0f 2a07 | 83f8 0048 | b8d8 8df3 | f0ac 0100 
  0x000001acdae0e820: 0049 b820 | 0400 0000 | 0000 000f | 840a 0000 | 0049 b830 | 0400 0000 | 0000 004a | 8b14 0048 
  0x000001acdae0e840: 8d52 014a | 8914 0048 | 8bb4 24d0 | 0000 000f | 843d 0000 | 008b 7e14 | 4883 ff00 | 48b8 d88d 
  0x000001acdae0e860: f3f0 ac01 | 0000 49b8 | 5004 0000 | 0000 0000 | 0f85 0a00 | 0000 49b8 | 4004 0000 | 0000 0000 
  0x000001acdae0e880: 4a8b 1400 | 488d 5201 | 4a89 1400 | 0f85 fe0f | 0000 4c8d | 8424 1801 | 0000 4989 | 7008 488b 
  0x000001acdae0e8a0: 0648 8bd0 | 4883 e207 | 4883 fa05 | 0f85 b100 | 0000 8b56 | 0848 c1e2 | 0349 bc00 | 0000 0008 
  0x000001acdae0e8c0: 0000 0049 | 03d4 4d33 | e448 8b92 | b800 0000 | 490b d748 | 33d0 4883 | e287 0f84 | ab00 0000 
  0x000001acdae0e8e0: 48f7 c207 | 0000 0075 | 5748 f7c2 | 0003 0000 | 751d 4881 | e07f 0300 | 0048 8bd0 | 490b d7f0 
  0x000001acdae0e900: 480f b116 | 0f85 7d13 | 0000 e97c | 0000 008b | 5608 48c1 | e203 49bc | 0000 0000 | 0800 0000 
  0x000001acdae0e920: 4903 d44d | 33e4 488b | 92b8 0000 | 0049 0bd7 | f048 0fb1 | 160f 854c | 1300 00e9 | 4b00 0000 
  0x000001acdae0e940: 8b56 0848 | c1e2 0349 | bc00 0000 | 0008 0000 | 0049 03d4 | 4d33 e448 | 8b92 b800 | 0000 f048 
  0x000001acdae0e960: 0fb1 1648 | 8b06 4883 | c801 4989 | 00f0 4c0f | b106 0f84 | 1300 0000 | 482b c448 | 81e0 07f0 
  0x000001acdae0e980: ffff 4989 | 000f 85fc | 1200 0048 | 8b94 24e0 | 0000 0048 | 8bbc 24d8 | 0000 0049 | b8d8 8df3 
  0x000001acdae0e9a0: f0ac 0100 | 0049 8380 | 6004 0000 | 0149 b8a0 | 62f3 f0ac | 0100 0041 | 8b98 0401 | 0000 83c3 
  0x000001acdae0e9c0: 0841 8998 | 0401 0000 | 81e3 f8ff | 7f00 83fb | 000f 84c3 | 1200 0049 | b8a0 62f3 | f0ac 0100 
  0x000001acdae0e9e0: 004d 8d80 | 8001 0000 | 488b df8b | 5b08 48c1 | e303 49bc | 0000 0000 | 0800 0000 | 4903 dc4d 
  0x000001acdae0ea00: 33e4 4933 | 5808 48f7 | c3fc ffff | ff74 1148 | f7c3 0200 | 0000 7508 | 4981 4808 | 0200 0000 
  0x000001acdae0ea20: 49b8 281e | 9688 0000 | 0000 48bb | a062 f3f0 | ac01 0000 | 4883 8348 | 0100 0001 | 49b8 5865 
  0x000001acdae0ea40: f3f0 ac01 | 0000 418b | 9804 0100 | 0083 c308 | 4189 9804 | 0100 0081 | e3f8 ff7f | 0083 fb00 
  0x000001acdae0ea60: 0f84 5512 | 0000 448b | 0417 488b | df48 b80c | 0000 0000 | 0000 0048 | 3bd0 0f85 | 3f00 0000 
  0x000001acdae0ea80: 4883 fb00 | 0f84 3500 | 0000 8b53 | 0848 c1e2 | 0349 bc00 | 0000 0008 | 0000 0049 | 03d4 4d33 
  0x000001acdae0eaa0: e40f be92 | 9301 0000 | 83fa 000f | 840e 0000 | 0041 0fbe | 5730 83fa | 000f 851d | 1200 0049 
  0x000001acdae0eac0: 83f8 0075 | 1648 bba0 | 62f3 f0ac | 0100 0080 | 8b91 0100 | 0001 e9e3 | 0000 0048 | b800 632a 
  0x000001acdae0eae0: 0008 0000 | 0041 8b58 | 0848 c1e3 | 0349 bc00 | 0000 0008 | 0000 0049 | 03dc 4d33 | e448 3b43 
  0x000001acdae0eb00: 380f 859b | 0000 0048 | bba0 62f3 | f0ac 0100 | 0041 8b40 | 0848 c1e0 | 0349 bc00 | 0000 0008 
  0x000001acdae0eb20: 0000 0049 | 03c4 4d33 | e448 3b83 | a801 0000 | 750d 4883 | 83b0 0100 | 0001 e97f | 0000 0048 
  0x000001acdae0eb40: 3b83 b801 | 0000 750d | 4883 83c0 | 0100 0001 | e969 0000 | 0048 81bb | a801 0000 | 0000 0000 
  0x000001acdae0eb60: 7517 4889 | 83a8 0100 | 0048 c783 | b001 0000 | 0100 0000 | e945 0000 | 0048 81bb | b801 0000 
  0x000001acdae0eb80: 0000 0000 | 7517 4889 | 83b8 0100 | 0048 c783 | c001 0000 | 0100 0000 | e921 0000 | 00e9 1c00 
  0x000001acdae0eba0: 0000 48bb | a062 f3f0 | ac01 0000 | 4883 ab98 | 0100 0001 | e93b 1100 | 00e9 0000 | 0000 4c3b 
  0x000001acdae0ebc0: c649 b8d8 | 8df3 f0ac | 0100 0048 | ba80 0400 | 0000 0000 | 000f 840a | 0000 0048 | ba70 0400 
  0x000001acdae0ebe0: 0000 0000 | 0049 8b1c | 1048 8d5b | 0149 891c | 100f 842d | 0000 008b | 9c24 c400 | 0000 48be 
  0x000001acdae0ec00: 0000 0000 | 0000 0000 | 4889 bc24 | d800 0000 | 8bbc 24c0 | 0000 004c | 8b8c 24b8 | 0000 00e9 
  0x000001acdae0ec20: 910a 0000 | 448b 8424 | cc00 0000 | 4183 f800 | 49b8 d88d | f3f0 ac01 | 0000 48ba | 9004 0000 
  0x000001acdae0ec40: 0000 0000 | 0f8c 0a00 | 0000 48ba | a004 0000 | 0000 0000 | 498b 1c10 | 488d 5b01 | 4989 1c10 
  0x000001acdae0ec60: 0f8c 1305 | 0000 488b | deb8 0100 | 0000 8984 | 24ec 0000 | 0048 89bc | 24d8 0000 | 0066 6690 
  0x000001acdae0ec80: 8b94 24c8 | 0000 004c | 8b84 24b0 | 0000 008b | 4b0c 3bca | 48b9 d88d | f3f0 ac01 | 0000 49b9 
  0x000001acdae0eca0: b004 0000 | 0000 0000 | 0f85 0a00 | 0000 49b9 | c004 0000 | 0000 0000 | 4e8b 1c09 | 4d8d 5b01 
  0x000001acdae0ecc0: 4e89 1c09 | 0f85 7b01 | 0000 8b4b | 1049 3bc8 | 49b9 d88d | f3f0 ac01 | 0000 49bb | d004 0000 
  0x000001acdae0ece0: 0000 0000 | 0f84 0a00 | 0000 49bb | e004 0000 | 0000 0000 | 4f8b 2c19 | 4d8d 6d01 | 4f89 2c19 
  0x000001acdae0ed00: 0f84 ee01 | 0000 4883 | f900 49b9 | d88d f3f0 | ac01 0000 | 49bb f004 | 0000 0000 | 0000 0f84 
  0x000001acdae0ed20: 0a00 0000 | 49bb 0005 | 0000 0000 | 0000 4f8b | 2c19 4d8d | 6d01 4f89 | 2c19 0f84 | 0501 0000 
  0x000001acdae0ed40: 4889 9c24 | f000 0000 | 4d8b c849 | bbd8 8df3 | f0ac 0100 | 0045 8b49 | 0849 c1e1 | 0349 bc00 
  0x000001acdae0ed60: 0000 0008 | 0000 004d | 03cc 4d33 | e44d 3b8b | 2005 0000 | 750d 4983 | 8328 0500 | 0001 e966 
  0x000001acdae0ed80: 0000 004d | 3b8b 3005 | 0000 750d | 4983 8338 | 0500 0001 | e950 0000 | 0049 81bb | 2005 0000 
  0x000001acdae0eda0: 0000 0000 | 7517 4d89 | 8b20 0500 | 0049 c783 | 2805 0000 | 0100 0000 | e92c 0000 | 0049 81bb 
  0x000001acdae0edc0: 3005 0000 | 0000 0000 | 7517 4d89 | 8b30 0500 | 0049 c783 | 3805 0000 | 0100 0000 | e908 0000 
  0x000001acdae0ede0: 0049 8383 | 1005 0000 | 014d 8bc8 | 4c8b c149 | 8bd1 6666 | 9048 b840 | d232 0008 | 0000 00e8 
  0x000001acdae0ee00: 1c09 2a07 | 83f8 0048 | bad8 8df3 | f0ac 0100 | 0048 be58 | 0500 0000 | 0000 000f | 850a 0000 
  0x000001acdae0ee20: 0048 be48 | 0500 0000 | 0000 0048 | 8b3c 3248 | 8d7f 0148 | 893c 3248 | 8b9c 24f0 | 0000 000f 
  0x000001acdae0ee40: 859b 0000 | 008b 5318 | 4883 fa00 | 48be d88d | f3f0 ac01 | 0000 48bf | b005 0000 | 0000 0000 
  0x000001acdae0ee60: 0f84 0a00 | 0000 48bf | a005 0000 | 0000 0000 | 488b 043e | 488d 4001 | 4889 043e | 0f84 3601 
  0x000001acdae0ee80: 0000 8b84 | 24ec 0000 | 00ff c048 | bed8 8df3 | f0ac 0100 | 008b be08 | 0100 0083 | c708 89be 
  0x000001acdae0eea0: 0801 0000 | 81e7 f8ff | 0000 83ff | 000f 844f | 0e00 004d | 8b97 0801 | 0000 4185 | 0248 bed8 
  0x000001acdae0eec0: 8df3 f0ac | 0100 00ff | 86e8 0500 | 0048 8bda | 4c8b c044 | 8984 24ec | 0000 00e9 | a0fd ffff 
  0x000001acdae0eee0: 448b 8424 | ec00 0000 | 8bbc 24c0 | 0000 00e9 | 0f00 0000 | 8bbc 24c0 | 0000 0044 | 8b84 24ec 
  0x000001acdae0ef00: 0000 008b | 5314 83ff | 0048 bed8 | 8df3 f0ac | 0100 0048 | b878 0500 | 0000 0000 | 000f 840a 
  0x000001acdae0ef20: 0000 0048 | b868 0500 | 0000 0000 | 0048 8b0c | 0648 8d49 | 0148 890c | 060f 841d | 0000 0044 
  0x000001acdae0ef40: 8bac 24c8 | 0000 004c | 8b8c 24b8 | 0000 004c | 8b9c 24b0 | 0000 00e9 | fb01 0000 | 4c8b 8c24 
  0x000001acdae0ef60: b800 0000 | 410f be77 | 3083 fe00 | 0f85 b10d | 0000 4d8b | d144 8953 | 14f0 8344 | 24c0 0048 
  0x000001acdae0ef80: 8bf3 4933 | f148 c1ee | 1448 83fe | 000f 85ab | 0d00 0048 | bed8 8df3 | f0ac 0100 | 00ff 8688 
  0x000001acdae0efa0: 0500 0044 | 8bac 24c8 | 0000 004c | 8b9c 24b0 | 0000 00e9 | 9f01 0000 | 448b 8424 | ec00 0000 
  0x000001acdae0efc0: 8b94 24c8 | 0000 004c | 8b8c 24b8 | 0000 004c | 8b9c 24b0 | 0000 004c | 8bea 48ba | 0063 2a00 
  0x000001acdae0efe0: 0800 0000 | 498b 8718 | 0100 0048 | 8d78 2049 | 3bbf 2801 | 0000 0f87 | 5a0d 0000 | 4989 bf18 
  0x000001acdae0f000: 0100 0048 | 8b8a b800 | 0000 4889 | 0848 8bca | 49bc 0000 | 0000 0800 | 0000 492b | cc48 c1e9 
  0x000001acdae0f020: 034d 33e4 | 8948 0848 | 33c9 8948 | 0c48 33c9 | 4889 4810 | 4889 4818 | 488b f848 | bad8 8df3 
  0x000001acdae0f040: f0ac 0100 | 0048 8382 | c005 0000 | 0148 bf80 | 9af3 f0ac | 0100 008b | 9704 0100 | 0083 c208 
  0x000001acdae0f060: 8997 0401 | 0000 81e2 | f8ff 7f00 | 83fa 000f | 84ee 0c00 | 0048 8bf8 | 48ba 809a | f3f0 ac01 
  0x000001acdae0f080: 0000 4883 | 8248 0100 | 0001 48bf | 98ba f2f0 | ac01 0000 | 8b97 0401 | 0000 83c2 | 0889 9704 
  0x000001acdae0f0a0: 0100 0081 | e2f8 ff7f | 0083 fa00 | 0f84 d20c | 0000 4489 | 680c 410f | be7f 3083 | ff00 0f85 
  0x000001acdae0f0c0: e10c 0000 | 4d8b d344 | 8950 1048 | 8bf8 4933 | fb48 c1ef | 1448 83ff | 000f 85e1 | 0c00 0041 
  0x000001acdae0f0e0: 0fbe 7f30 | 83ff 000f | 85eb 0c00 | 004d 8bd1 | 4489 5014 | f083 4424 | c000 488b | f849 33f9 
  0x000001acdae0f100: 48c1 ef14 | 4883 ff00 | 0f85 e50c | 0000 410f | be7f 3083 | ff00 0f85 | ef0c 0000 | 4c8b d044 
  0x000001acdae0f120: 8953 18f0 | 8344 24c0 | 0048 8bfb | 4833 f848 | c1ef 1448 | 83ff 000f | 85e9 0c00 | 0048 bfd8 
  0x000001acdae0f140: 8df3 f0ac | 0100 00ff | 87d0 0500 | 0048 ba00 | 0000 0000 | 0000 0048 | bfd8 8df3 | f0ac 0100 
  0x000001acdae0f160: 00ff 8700 | 0600 0048 | 8bf2 498b | d88b bc24 | c000 0000 | e93c 0500 | 0048 89bc | 24d8 0000 
  0x000001acdae0f180: 0044 8bac | 24c8 0000 | 004c 8b8c | 24b8 0000 | 004c 8b9c | 24b0 0000 | 0048 83fe | 0075 1648 
  0x000001acdae0f1a0: bad8 8df3 | f0ac 0100 | 0080 8a11 | 0600 0001 | e90b 0100 | 0066 6690 | e990 0c00 | 0000 0000 
  0x000001acdae0f1c0: 0000 8b56 | 0848 c1e2 | 0349 bc00 | 0000 0008 | 0000 0049 | 03d4 4d33 | e448 3bd3 | 0f84 2800 
  0x000001acdae0f1e0: 0000 8b7b | 1048 3b1c | 3a0f 841b | 0000 0083 | ff20 0f85 | ac00 0000 | 5253 e881 | c48a ff5a 
  0x000001acdae0f200: 5b83 fb00 | 0f84 9a00 | 0000 48ba | d88d f3f0 | ac01 0000 | 8b5e 0848 | c1e3 0349 | bc00 0000 
  0x000001acdae0f220: 0008 0000 | 0049 03dc | 4d33 e448 | 3b9a 2806 | 0000 750d | 4883 8230 | 0600 0001 | e984 0000 
  0x000001acdae0f240: 0048 3b9a | 3806 0000 | 750d 4883 | 8240 0600 | 0001 e96e | 0000 0048 | 81ba 2806 | 0000 0000 
  0x000001acdae0f260: 0000 7517 | 4889 9a28 | 0600 0048 | c782 3006 | 0000 0100 | 0000 e94a | 0000 0048 | 81ba 3806 
  0x000001acdae0f280: 0000 0000 | 0000 7517 | 4889 9a38 | 0600 0048 | c782 4006 | 0000 0100 | 0000 e926 | 0000 00e9 
  0x000001acdae0f2a0: 2100 0000 | 48ba d88d | f3f0 ac01 | 0000 4883 | aa18 0600 | 0001 e905 | 0000 00e9 | 0500 0000 
  0x000001acdae0f2c0: 4d33 c0eb | 0a49 b801 | 0000 0000 | 0000 0041 | 83f8 0049 | b8d8 8df3 | f0ac 0100 | 0048 bf50 
  0x000001acdae0f2e0: 0600 0000 | 0000 000f | 840a 0000 | 0048 bf60 | 0600 0000 | 0000 0049 | 8b14 3848 | 8d52 0149 
  0x000001acdae0f300: 8914 380f | 844f 0200 | 0048 83fe | 0075 1648 | bbd8 8df3 | f0ac 0100 | 0080 8b69 | 0600 0001 
  0x000001acdae0f320: e90d 0100 | 0066 6690 | e939 0b00 | 0000 0000 | 0000 8b5e | 0848 c1e3 | 0349 bc00 | 0000 0008 
  0x000001acdae0f340: 0000 0049 | 03dc 4d33 | e448 3bd8 | 0f84 2a00 | 0000 448b | 4010 4a3b | 0403 0f84 | 1c00 0000 
  0x000001acdae0f360: 4183 f820 | 0f85 ac00 | 0000 5350 | e80f c38a | ff5b 5883 | f800 0f84 | 9a00 0000 | 48bb d88d 
  0x000001acdae0f380: f3f0 ac01 | 0000 8b46 | 0848 c1e0 | 0349 bc00 | 0000 0008 | 0000 0049 | 03c4 4d33 | e448 3b83 
  0x000001acdae0f3a0: 8006 0000 | 750d 4883 | 8388 0600 | 0001 e97f | 0000 0048 | 3b83 9006 | 0000 750d | 4883 8398 
  0x000001acdae0f3c0: 0600 0001 | e969 0000 | 0048 81bb | 8006 0000 | 0000 0000 | 7517 4889 | 8380 0600 | 0048 c783 
  0x000001acdae0f3e0: 8806 0000 | 0100 0000 | e945 0000 | 0048 81bb | 9006 0000 | 0000 0000 | 7517 4889 | 8390 0600 
  0x000001acdae0f400: 0048 c783 | 9806 0000 | 0100 0000 | e921 0000 | 00e9 1c00 | 0000 48bb | d88d f3f0 | ac01 0000 
  0x000001acdae0f420: 4883 ab70 | 0600 0001 | e943 0a00 | 00e9 0000 | 0000 488b | d64d 8bc5 | 498b d94d | 8bcb 488b 
  0x000001acdae0f440: fb0f 1f40 | 0048 b8ff | ffff ffff | ffff ffe8 | acb5 7fff | 4883 f800 | 49b8 d88d | f3f0 ac01 
  0x000001acdae0f460: 0000 49b9 | f006 0000 | 0000 0000 | 0f85 0a00 | 0000 49b9 | e006 0000 | 0000 0000 | 4b8b 1408 
  0x000001acdae0f480: 488d 5201 | 4b89 1408 | 0f85 1e00 | 0000 48b8 | 0000 0000 | 0000 0000 | 8bbc 24c0 | 0000 004c 
  0x000001acdae0f4a0: 8b8c 24b8 | 0000 00e9 | 8e00 0000 | 8bbc 24c0 | 0000 0044 | 8b40 1483 | ff00 49b9 | d88d f3f0 
  0x000001acdae0f4c0: ac01 0000 | 48ba 1007 | 0000 0000 | 0000 0f84 | 0a00 0000 | 48ba 0007 | 0000 0000 | 0000 498b 
  0x000001acdae0f4e0: 3411 488d | 7601 4989 | 3411 0f84 | 1000 0000 | 498b c04c | 8b8c 24b8 | 0000 00e9 | 3a00 0000 
  0x000001acdae0f500: 4c8b 8c24 | b800 0000 | 410f be57 | 3083 fa00 | 0f85 6809 | 0000 4d8b | d144 8950 | 14f0 8344 
  0x000001acdae0f520: 24c0 0048 | 8bd0 4933 | d148 c1ea | 1448 83fa | 000f 8562 | 0900 0049 | 8bc0 49b8 | d88d f3f0 
  0x000001acdae0f540: ac01 0000 | 41ff 8020 | 0700 0048 | 8bf0 bb02 | 0000 00e9 | 5d01 0000 | 8bbc 24c0 | 0000 0048 
  0x000001acdae0f560: 83fe 0075 | 1648 bad8 | 8df3 f0ac | 0100 0080 | 8a31 0700 | 0001 e9e1 | 0000 0048 | bb78 6e33 
  0x000001acdae0f580: 0008 0000 | 0044 8b46 | 0849 c1e0 | 0349 bc00 | 0000 0008 | 0000 004d | 03c4 4d33 | e449 3bd8 
  0x000001acdae0f5a0: 0f85 9a00 | 0000 48ba | d88d f3f0 | ac01 0000 | 8b5e 0848 | c1e3 0349 | bc00 0000 | 0008 0000 
  0x000001acdae0f5c0: 0049 03dc | 4d33 e448 | 3b9a 4807 | 0000 750d | 4883 8250 | 0700 0001 | e984 0000 | 0048 3b9a 
  0x000001acdae0f5e0: 5807 0000 | 750d 4883 | 8260 0700 | 0001 e96e | 0000 0048 | 81ba 4807 | 0000 0000 | 0000 7517 
  0x000001acdae0f600: 4889 9a48 | 0700 0048 | c782 5007 | 0000 0100 | 0000 e94a | 0000 0048 | 81ba 5807 | 0000 0000 
  0x000001acdae0f620: 0000 7517 | 4889 9a58 | 0700 0048 | c782 6007 | 0000 0100 | 0000 e926 | 0000 00e9 | 2100 0000 
  0x000001acdae0f640: 48ba d88d | f3f0 ac01 | 0000 4883 | aa38 0700 | 0001 e905 | 0000 00e9 | 0500 0000 | 4833 c0eb 
  0x000001acdae0f660: 0a48 b801 | 0000 0000 | 0000 0083 | f800 48b8 | d88d f3f0 | ac01 0000 | 49b8 8007 | 0000 0000 
  0x000001acdae0f680: 0000 0f85 | 0a00 0000 | 49b8 7007 | 0000 0000 | 0000 4a8b | 1400 488d | 5201 4a89 | 1400 0f85 
  0x000001acdae0f6a0: 6d02 0000 | 8b9c 24c4 | 0000 0048 | be00 0000 | 0000 0000 | 0048 8d84 | 2418 0100 | 0048 8b50 
  0x000001acdae0f6c0: 084c 8b02 | 4983 e007 | 4983 f805 | 0f84 1700 | 0000 4c8b | 004d 85c0 | 0f84 0b00 | 0000 f04c 
  0x000001acdae0f6e0: 0fb1 020f | 85c8 0700 | 0049 b8d8 | 8df3 f0ac | 0100 0041 | ff80 a007 | 0000 83fb | 0049 b8d8 
  0x000001acdae0f700: 8df3 f0ac | 0100 0048 | bac8 0700 | 0000 0000 | 000f 850a | 0000 0048 | bab8 0700 | 0000 0000 
  0x000001acdae0f720: 0049 8b04 | 1048 8d40 | 0149 8904 | 100f 8567 | 0000 0048 | 8b84 24d8 | 0000 0049 | b8d8 8df3 
  0x000001acdae0f740: f0ac 0100 | 0041 8b90 | 0801 0000 | 83c2 0841 | 8990 0801 | 0000 81e2 | f8ff 0000 | 83fa 000f 
  0x000001acdae0f760: 8462 0700 | 004d 8b97 | 0801 0000 | 4185 0249 | b8d8 8df3 | f0ac 0100 | 0041 ff80 | 5008 0000 
  0x000001acdae0f780: 4c8b c089 | 9c24 c400 | 0000 488b | b424 a800 | 0000 498b | f8e9 36e8 | ffff 4c8b | 8424 d800 
  0x000001acdae0f7a0: 0000 83fb | 0849 b9d8 | 8df3 f0ac | 0100 0048 | bae8 0700 | 0000 0000 | 000f 8d0a | 0000 0048 
  0x000001acdae0f7c0: bad8 0700 | 0000 0000 | 0049 8b3c | 1148 8d7f | 0149 893c | 110f 8d0c | 0000 0089 | 9c24 0001 
  0x000001acdae0f7e0: 0000 e94d | 0000 0048 | 89b4 24f8 | 0000 0089 | 9c24 0001 | 0000 8b8c | 24e8 0000 | 0048 8b94 
  0x000001acdae0f800: 24a8 0000 | 0049 b9d8 | 8df3 f0ac | 0100 0049 | 8381 f807 | 0000 014c | 8bc9 488b | 9424 a800 
  0x000001acdae0f820: 0000 0f1f | 4400 00e8 | d4b4 7fff | 488b b424 | f800 0000 | 4883 fe00 | 48b8 d88d | f3f0 ac01 
  0x000001acdae0f840: 0000 49b8 | 4008 0000 | 0000 0000 | 0f85 0a00 | 0000 49b8 | 3008 0000 | 0000 0000 | 4e8b 0c00 
  0x000001acdae0f860: 4d8d 4901 | 4e89 0c00 | 0f85 0c00 | 0000 8b9c | 2400 0100 | 00e9 4400 | 0000 488b | c648 81c4 
  0x000001acdae0f880: 3001 0000 | 5d4d 8b97 | 0801 0000 | 4185 02c3 | 488b c748 | 81c4 3001 | 0000 5d4d | 8b97 0801 
  0x000001acdae0f8a0: 0000 4185 | 02c3 8b9c | 24c4 0000 | 0049 b8d8 | 8df3 f0ac | 0100 0041 | ff80 e002 | 0000 488b 
  0x000001acdae0f8c0: 9424 a800 | 0000 4c8b | c249 b9d8 | 8df3 f0ac | 0100 0049 | 8381 6808 | 0000 0149 | b801 0000 
  0x000001acdae0f8e0: 0000 0000 | 004c 8bcb | 0f1f 8000 | 0000 00e8 | 2c48 0000 | 48b8 0000 | 0000 0000 | 0000 4881 
  0x000001acdae0f900: c430 0100 | 005d 4d8b | 9708 0100 | 0041 8502 | c30f 1f80 | 0000 0000 | e9da 0500 | 0000 0000 
  0x000001acdae0f920: 0000 80ba | 9201 0000 | 040f 85d7 | 0500 0049 | 8b87 1801 | 0000 488d | 7828 493b | bf28 0100 
  0x000001acdae0f940: 000f 87bf | 0500 0049 | 89bf 1801 | 0000 488b | 8ab8 0000 | 0048 8908 | 488b ca49 | bc00 0000 
  0x000001acdae0f960: 0008 0000 | 0049 2bcc | 48c1 e903 | 4d33 e489 | 4808 4833 | c989 480c | 4833 c948 | 8948 1048 
  0x000001acdae0f980: 8948 1848 | 8948 204c | 8bc0 48ba | d88d f3f0 | ac01 0000 | 4883 8290 | 0700 0001 | 49b8 3022 
  0x000001acdae0f9a0: 8d81 0000 | 0000 488b | d048 8984 | 2408 0100 | 0066 0f1f | 4400 00e8 | 44b3 7fff | 488b 8424 
  0x000001acdae0f9c0: 0801 0000 | 48ba c4f9 | e0da ac01 | 0000 e8ad | a78a ff90 | 0f1f 4000 | e945 0500 | 0000 0000 
  0x000001acdae0f9e0: 0000 498b | 8718 0100 | 0048 8d78 | 2849 3bbf | 2801 0000 | 0f87 3205 | 0000 4989 | bf18 0100 
  0x000001acdae0fa00: 0048 8b8a | b800 0000 | 4889 0848 | 8bca 49bc | 0000 0000 | 0800 0000 | 492b cc48 | c1e9 034d 
  0x000001acdae0fa20: 33e4 8948 | 0848 33c9 | 8948 0c48 | 33c9 4889 | 4810 4889 | 4818 4889 | 4820 488b | d048 bed8 
  0x000001acdae0fa40: 8df3 f0ac | 0100 0048 | 8386 8801 | 0000 0148 | 8bd0 4889 | 8424 1001 | 0000 0f1f | 4400 00e8 
  0x000001acdae0fa60: 9cb2 7fff | 488b 8424 | 1001 0000 | e909 0500 | 0049 8b87 | f003 0000 | 4d33 d24d | 8997 f003 
  0x000001acdae0fa80: 0000 4d33 | d24d 8997 | f803 0000 | 488b f048 | 8d84 2418 | 0100 0048 | 8b58 0848 | 8b3b 4883 
  0x000001acdae0faa0: e707 4883 | ff05 0f84 | 1700 0000 | 488b 3848 | 85ff 0f84 | 0b00 0000 | f048 0fb1 | 3b0f 8576 
  0x000001acdae0fac0: 0400 0048 | 8bc6 e9af | 0400 0049 | baf0 ec33 | 0008 0000 | 004c 8954 | 2408 48c7 | 0424 ffff 
  0x000001acdae0fae0: ffff e899 | e58a ffe9 | 4ae3 ffff | e8af 8e8a | ff49 baa8 | ee33 0008 | 0000 004c | 8954 2408 
  0x000001acdae0fb00: 48c7 0424 | ffff ffff | e873 e58a | ffe9 8ce4 | ffff e889 | 8e8a ff49 | ba00 ef33 | 0008 0000 
  0x000001acdae0fb20: 004c 8954 | 2408 48c7 | 0424 ffff | ffff e84d | e58a ffe9 | 9ae5 ffff | 49ba a0c0 | 3600 0800 
  0x000001acdae0fb40: 0000 4c89 | 5424 0848 | c704 24ff | ffff ffe8 | 2ce5 8aff | e923 e6ff | ff48 83fe | 000f 8471 
  0x000001acdae0fb60: e6ff ff48 | 8934 24e8 | 14eb 8aff | e963 e6ff | ff48 8934 | 24e8 26b5 | 8aff 488b | d2e8 fe96 
  0x000001acdae0fb80: 8aff e90b | e8ff ff49 | bac0 682a | 0008 0000 | 004c 8954 | 2408 48c7 | 0424 ffff | ffff e8dd 
  0x000001acdae0fba0: e48a ffe9 | 2ae8 ffff | 49ba 80a8 | 3f00 0800 | 0000 4c89 | 5424 0848 | c704 24ff | ffff ffe8 
  0x000001acdae0fbc0: bce4 8aff | e946 e8ff | ff8b 4210 | 4883 f800 | 0f84 4be8 | ffff 4889 | 0424 e8a1 | ea8a ffe9 
  0x000001acdae0fbe0: 3de8 ffff | 4983 f800 | 0f84 4ee8 | ffff 4889 | 1424 e889 | ed8a ffe9 | 40e8 ffff | 8b42 1448 
  0x000001acdae0fc00: 83f8 000f | 8441 e8ff | ff48 8904 | 24e8 6eea | 8aff e933 | e8ff ff49 | 83f9 000f | 844a e8ff 
  0x000001acdae0fc20: ff48 8914 | 24e8 56ed | 8aff e93c | e8ff ff49 | bab0 ef33 | 0008 0000 | 004c 8954 | 2408 48c7 
  0x000001acdae0fc40: 0424 ffff | ffff e835 | e48a ffe9 | 55e8 ffff | 8b06 4883 | f800 0f84 | 5be8 ffff | 4889 0424 
  0x000001acdae0fc60: e81b ea8a | ffe9 4de8 | ffff 4883 | fa00 0f84 | 79e8 ffff | 4889 3424 | e803 ed8a | ffe9 6be8 
  0x000001acdae0fc80: ffff e819 | 8d8a ff48 | 8974 2408 | 4c89 0424 | e8eb bf8a | ffe9 f1ec | ffff 49ba | 00ef 3300 
  0x000001acdae0fca0: 0800 0000 | 4c89 5424 | 0848 c704 | 24ff ffff | ffe8 cae3 | 8aff e91c | edff ff49 | baa0 c036 
  0x000001acdae0fcc0: 0008 0000 | 004c 8954 | 2408 48c7 | 0424 ffff | ffff e8a9 | e38a ffe9 | 8aed ffff | 4983 f800 
  0x000001acdae0fce0: 0f84 d9ed | ffff 4c89 | 0424 e891 | e98a ffe9 | cbed ffff | 4c89 0424 | e8a3 b38a | ffe8 9e8c 
  0x000001acdae0fd00: 8aff 49ba | f0ec 3300 | 0800 0000 | 4c89 5424 | 0848 c704 | 2431 0100 | 00e8 62e3 | 8aff e990 
  0x000001acdae0fd20: f1ff ff8b | 7314 4883 | fe00 0f84 | 42f2 ffff | 4889 3424 | e847 e98a | ffe9 34f2 | ffff 4983 
  0x000001acdae0fd40: f900 0f84 | 4bf2 ffff | 4889 1c24 | e82f ec8a | ffe9 3df2 | ffff 488b | d2e8 2295 | 8aff e9d5 
  0x000001acdae0fd60: f2ff ff49 | bac0 682a | 0008 0000 | 004c 8954 | 2408 48c7 | 0424 ffff | ffff e801 | e38a ffe9 
  0x000001acdae0fd80: f1f2 ffff | 49ba 80a8 | 3f00 0800 | 0000 4c89 | 5424 0848 | c704 24ff | ffff ffe8 | e0e2 8aff 
  0x000001acdae0fda0: e90d f3ff | ff8b 7810 | 4883 ff00 | 0f84 12f3 | ffff 4889 | 3c24 e8c5 | e88a ffe9 | 04f3 ffff 
  0x000001acdae0fdc0: 4983 fb00 | 0f84 15f3 | ffff 4889 | 0424 e8ad | eb8a ffe9 | 07f3 ffff | 8b78 1448 | 83ff 000f 
  0x000001acdae0fde0: 8408 f3ff | ff48 893c | 24e8 92e8 | 8aff e9fa | f2ff ff49 | 83f9 000f | 8411 f3ff | ff48 8904 
  0x000001acdae0fe00: 24e8 7aeb | 8aff e903 | f3ff ff8b | 7b18 4883 | ff00 0f84 | 04f3 ffff | 4889 3c24 | e85f e88a 
  0x000001acdae0fe20: ffe9 f6f2 | ffff 4883 | f800 0f84 | 0df3 ffff | 4889 1c24 | e847 eb8a | ffe9 fff2 | ffff 48bb 
  0x000001acdae0fe40: 0000 0000 | 0000 0000 | b800 0f05 | 0ae8 aed1 | 8aff e961 | f3ff ff48 | b800 0000 | 0000 0000 
  0x000001acdae0fe60: 00b8 000f | 050a e895 | d18a ffe9 | b8f4 ffff | 4889 3424 | e827 b28a | ffe8 228b | 8aff 8b50 
  0x000001acdae0fe80: 1448 83fa | 000f 848b | f6ff ff48 | 8914 24e8 | ece7 8aff | e97d f6ff | ff49 83f9 | 000f 8494 
  0x000001acdae0fea0: f6ff ff48 | 8904 24e8 | d4ea 8aff | e986 f6ff | ff48 8d84 | 2418 0100 | 0048 8904 | 24e8 bec6 
  0x000001acdae0fec0: 8aff e922 | f8ff ff49 | baf0 ec33 | 0008 0000 | 004c 8954 | 2408 48c7 | 0424 a401 | 0000 e89d 
  0x000001acdae0fee0: e18a ffe9 | 7df8 ffff | 48ba 0000 | 0000 0000 | 0000 b800 | 0f05 0ae8 | 04d1 8aff | e917 faff 
  0x000001acdae0ff00: ffe8 9a8a | 8aff 488b | d2e8 7296 | 8aff e974 | faff ff48 | ba00 0000 | 0000 0000 | 00b8 000f 
  0x000001acdae0ff20: 050a e8d9 | d08a ffe9 | acfa ffff | 488b d2e8 | 4c93 8aff | e901 fbff | ff48 8d84 | 2418 0100 
  0x000001acdae0ff40: 0048 8904 | 24e8 36c6 | 8aff e974 | fbff ff90 | 9049 8b87 | f003 0000 | 49ba 0000 | 0000 0000 
  0x000001acdae0ff60: 0000 4d89 | 97f0 0300 | 0049 ba00 | 0000 0000 | 0000 004d | 8997 f803 | 0000 4881 | c430 0100 
  0x000001acdae0ff80: 005d e979 | aa81 fff4 | f4f4 f4f4 | f4f4 f4f4 | f4f4 f4f4 | f4f4 f4f4 | f4f4 f4f4 | f4f4 f4f4 
  0x000001acdae0ffa0: 0f1f 4400 | 0048 bb00 | 0000 0000 | 0000 00e9 | fbff ffff | 9048 bb58 | ef33 0008 | 0000 00e9 
  0x000001acdae0ffc0: 9ca4 7fff | 9048 bb08 | f033 0008 | 0000 00e9 | 9444 7fff | 9048 bb00 | 0000 0000 | 0000 00e9 
  0x000001acdae0ffe0: fbff ffff | 9048 bb00 | 0000 0000 | 0000 00e9 | fbff ffff | 9048 bb00 | 0000 0000 | 0000 00e9 
  0x000001acdae10000: fbff ffff | 9048 bb00 | 0000 0000 | 0000 00e9 | fbff ffff | 9048 bb60 | f033 0008 | 0000 00e9 
  0x000001acdae10020: 444d 7fff | 9048 bb00 | 0000 0000 | 0000 00e9 | fbff ffff | 9048 bb00 | 0000 0000 | 0000 00e9 
  0x000001acdae10040: fbff ffff | e837 a78a | ff48 8964 | 24d8 4881 | ec80 0000 | 0048 8944 | 2478 4889 | 4c24 7048 
  0x000001acdae10060: 8954 2468 | 4889 5c24 | 6048 896c | 2450 4889 | 7424 4848 | 897c 2440 | 4c89 4424 | 384c 894c 
  0x000001acdae10080: 2430 4c89 | 5424 284c | 895c 2420 | 4c89 6424 | 184c 896c | 2410 4c89 | 7424 084c | 893c 2448 
  0x000001acdae100a0: b988 c513 | 85fb 7f00 | 0048 ba49 | 00e1 daac | 0100 004c | 8bc4 4883 | e4f0 49ba | 40d1 e584 
  0x000001acdae100c0: fb7f 0000 | 41ff d2f4 | 49ba c800 | e1da ac01 | 0000 4152 | e9c7 927f | fff4 f4f4 | f4f4 f4f4 
[/MachCode]
--------------------------------------------------------------------------------


---------------  P R O C E S S  ---------------

Threads class SMR info:
_java_thread_list=0x000001acf24e3cf0, length=10, elements={
0x000001acd08f4800, 0x000001acf0ec8000, 0x000001acf0ecc800, 0x000001acf0eeb000,
0x000001acf0eec000, 0x000001acf0eed000, 0x000001acf0ef6800, 0x000001acf0efc800,
0x000001acf1952000, 0x000001acf195a000
}

Java Threads: ( => current thread )
=>0x000001acd08f4800 JavaThread "main" [_thread_in_Java, id=12132, stack(0x0000009e6a000000,0x0000009e6a100000)]
  0x000001acf0ec8000 JavaThread "Reference Handler" daemon [_thread_blocked, id=11376, stack(0x0000009e6a700000,0x0000009e6a800000)]
  0x000001acf0ecc800 JavaThread "Finalizer" daemon [_thread_blocked, id=13516, stack(0x0000009e6a800000,0x0000009e6a900000)]
  0x000001acf0eeb000 JavaThread "Signal Dispatcher" daemon [_thread_blocked, id=12984, stack(0x0000009e6a900000,0x0000009e6aa00000)]
  0x000001acf0eec000 JavaThread "Attach Listener" daemon [_thread_blocked, id=6776, stack(0x0000009e6aa00000,0x0000009e6ab00000)]
  0x000001acf0eed000 JavaThread "C2 CompilerThread0" daemon [_thread_blocked, id=12144, stack(0x0000009e6ab00000,0x0000009e6ac00000)]
  0x000001acf0ef6800 JavaThread "C1 CompilerThread0" daemon [_thread_blocked, id=12948, stack(0x0000009e6ac00000,0x0000009e6ad00000)]
  0x000001acf0efc800 JavaThread "Sweeper thread" daemon [_thread_blocked, id=13288, stack(0x0000009e6ad00000,0x0000009e6ae00000)]
  0x000001acf1952000 JavaThread "Service Thread" daemon [_thread_blocked, id=2664, stack(0x0000009e6ae00000,0x0000009e6af00000)]
  0x000001acf195a000 JavaThread "Common-Cleaner" daemon [_thread_blocked, id=8776, stack(0x0000009e6b000000,0x0000009e6b100000)]

Other Threads:
  0x000001acf0ebe800 VMThread "VM Thread" [stack: 0x0000009e6a600000,0x0000009e6a700000] [id=2072]
  0x000001acf1953800 WatcherThread [stack: 0x0000009e6af00000,0x0000009e6b000000] [id=6972]
  0x000001acd0937800 GCTaskThread "GC Thread#0" [stack: 0x0000009e6a100000,0x0000009e6a200000] [id=11240]
  0x000001acf1e98000 GCTaskThread "GC Thread#1" [stack: 0x0000009e6b100000,0x0000009e6b200000] [id=14176]
  0x000001acf22c4000 GCTaskThread "GC Thread#2" [stack: 0x0000009e6b200000,0x0000009e6b300000] [id=12536]
  0x000001acd094a000 ConcurrentGCThread "G1 Main Marker" [stack: 0x0000009e6a200000,0x0000009e6a300000] [id=11548]
  0x000001acd094d000 ConcurrentGCThread "G1 Conc#0" [stack: 0x0000009e6a300000,0x0000009e6a400000] [id=6308]
  0x000001acf0d41800 ConcurrentGCThread "G1 Refine#0" [stack: 0x0000009e6a400000,0x0000009e6a500000] [id=2224]
  0x000001acd09bb000 ConcurrentGCThread "G1 Young RemSet Sampling" [stack: 0x0000009e6a500000,0x0000009e6a600000] [id=7264]

Threads with active compile tasks:

VM state:not at safepoint (normal execution)

VM Mutex/Monitor currently owned by a thread: None

Heap address: 0x0000000081800000, size: 2024 MB, Compressed Oops mode: 32-bit
Narrow klass base: 0x0000000800000000, Narrow klass shift: 3
Compressed class space size: 1073741824 Address: 0x0000000800b40000

Heap:
 garbage-first heap   total 131072K, used 32662K [0x0000000081800000, 0x0000000100000000)
  region size 1024K, 32 young (32768K), 2 survivors (2048K)
 Metaspace       used 7863K, capacity 10368K, committed 10624K, reserved 1058816K
  class space    used 982K, capacity 1284K, committed 1408K, reserved 1048576K
Heap Regions: E=young(eden), S=young(survivor), O=old, HS=humongous(starts), HC=humongous(continues), CS=collection set, F=free, A=archive, TAMS=top-at-mark-start (previous, next)
|   0|0x0000000081800000, 0x00000000818e5800, 0x0000000081900000| 89%| O|  |TAMS 0x0000000081800000, 0x0000000081800000| Untracked 
|   1|0x0000000081900000, 0x0000000081900000, 0x0000000081a00000|  0%| F|  |TAMS 0x0000000081900000, 0x0000000081900000| Untracked 
|   2|0x0000000081a00000, 0x0000000081a00000, 0x0000000081b00000|  0%| F|  |TAMS 0x0000000081a00000, 0x0000000081a00000| Untracked 
|   3|0x0000000081b00000, 0x0000000081b00000, 0x0000000081c00000|  0%| F|  |TAMS 0x0000000081b00000, 0x0000000081b00000| Untracked 
|   4|0x0000000081c00000, 0x0000000081c00000, 0x0000000081d00000|  0%| F|  |TAMS 0x0000000081c00000, 0x0000000081c00000| Untracked 
|   5|0x0000000081d00000, 0x0000000081d00000, 0x0000000081e00000|  0%| F|  |TAMS 0x0000000081d00000, 0x0000000081d00000| Untracked 
|   6|0x0000000081e00000, 0x0000000081e00000, 0x0000000081f00000|  0%| F|  |TAMS 0x0000000081e00000, 0x0000000081e00000| Untracked 
|   7|0x0000000081f00000, 0x0000000081f00000, 0x0000000082000000|  0%| F|  |TAMS 0x0000000081f00000, 0x0000000081f00000| Untracked 
|   8|0x0000000082000000, 0x0000000082000000, 0x0000000082100000|  0%| F|  |TAMS 0x0000000082000000, 0x0000000082000000| Untracked 
|   9|0x0000000082100000, 0x0000000082100000, 0x0000000082200000|  0%| F|  |TAMS 0x0000000082100000, 0x0000000082100000| Untracked 
|  10|0x0000000082200000, 0x0000000082200000, 0x0000000082300000|  0%| F|  |TAMS 0x0000000082200000, 0x0000000082200000| Untracked 
|  11|0x0000000082300000, 0x0000000082300000, 0x0000000082400000|  0%| F|  |TAMS 0x0000000082300000, 0x0000000082300000| Untracked 
|  12|0x0000000082400000, 0x0000000082400000, 0x0000000082500000|  0%| F|  |TAMS 0x0000000082400000, 0x0000000082400000| Untracked 
|  13|0x0000000082500000, 0x0000000082500000, 0x0000000082600000|  0%| F|  |TAMS 0x0000000082500000, 0x0000000082500000| Untracked 
|  14|0x0000000082600000, 0x0000000082600000, 0x0000000082700000|  0%| F|  |TAMS 0x0000000082600000, 0x0000000082600000| Untracked 
|  15|0x0000000082700000, 0x0000000082700000, 0x0000000082800000|  0%| F|  |TAMS 0x0000000082700000, 0x0000000082700000| Untracked 
|  16|0x0000000082800000, 0x0000000082800000, 0x0000000082900000|  0%| F|  |TAMS 0x0000000082800000, 0x0000000082800000| Untracked 
|  17|0x0000000082900000, 0x0000000082900000, 0x0000000082a00000|  0%| F|  |TAMS 0x0000000082900000, 0x0000000082900000| Untracked 
|  18|0x0000000082a00000, 0x0000000082a00000, 0x0000000082b00000|  0%| F|  |TAMS 0x0000000082a00000, 0x0000000082a00000| Untracked 
|  19|0x0000000082b00000, 0x0000000082b00000, 0x0000000082c00000|  0%| F|  |TAMS 0x0000000082b00000, 0x0000000082b00000| Untracked 
|  20|0x0000000082c00000, 0x0000000082c00000, 0x0000000082d00000|  0%| F|  |TAMS 0x0000000082c00000, 0x0000000082c00000| Untracked 
|  21|0x0000000082d00000, 0x0000000082d00000, 0x0000000082e00000|  0%| F|  |TAMS 0x0000000082d00000, 0x0000000082d00000| Untracked 
|  22|0x0000000082e00000, 0x0000000082e00000, 0x0000000082f00000|  0%| F|  |TAMS 0x0000000082e00000, 0x0000000082e00000| Untracked 
|  23|0x0000000082f00000, 0x0000000082f00000, 0x0000000083000000|  0%| F|  |TAMS 0x0000000082f00000, 0x0000000082f00000| Untracked 
|  24|0x0000000083000000, 0x0000000083000000, 0x0000000083100000|  0%| F|  |TAMS 0x0000000083000000, 0x0000000083000000| Untracked 
|  25|0x0000000083100000, 0x0000000083100000, 0x0000000083200000|  0%| F|  |TAMS 0x0000000083100000, 0x0000000083100000| Untracked 
|  26|0x0000000083200000, 0x0000000083200000, 0x0000000083300000|  0%| F|  |TAMS 0x0000000083200000, 0x0000000083200000| Untracked 
|  27|0x0000000083300000, 0x0000000083300000, 0x0000000083400000|  0%| F|  |TAMS 0x0000000083300000, 0x0000000083300000| Untracked 
|  28|0x0000000083400000, 0x0000000083400000, 0x0000000083500000|  0%| F|  |TAMS 0x0000000083400000, 0x0000000083400000| Untracked 
|  29|0x0000000083500000, 0x0000000083500000, 0x0000000083600000|  0%| F|  |TAMS 0x0000000083500000, 0x0000000083500000| Untracked 
|  30|0x0000000083600000, 0x0000000083600000, 0x0000000083700000|  0%| F|  |TAMS 0x0000000083600000, 0x0000000083600000| Untracked 
|  31|0x0000000083700000, 0x0000000083700000, 0x0000000083800000|  0%| F|  |TAMS 0x0000000083700000, 0x0000000083700000| Untracked 
|  32|0x0000000083800000, 0x0000000083800000, 0x0000000083900000|  0%| F|  |TAMS 0x0000000083800000, 0x0000000083800000| Untracked 
|  33|0x0000000083900000, 0x0000000083900000, 0x0000000083a00000|  0%| F|  |TAMS 0x0000000083900000, 0x0000000083900000| Untracked 
|  34|0x0000000083a00000, 0x0000000083a00000, 0x0000000083b00000|  0%| F|  |TAMS 0x0000000083a00000, 0x0000000083a00000| Untracked 
|  35|0x0000000083b00000, 0x0000000083b00000, 0x0000000083c00000|  0%| F|  |TAMS 0x0000000083b00000, 0x0000000083b00000| Untracked 
|  36|0x0000000083c00000, 0x0000000083c00000, 0x0000000083d00000|  0%| F|  |TAMS 0x0000000083c00000, 0x0000000083c00000| Untracked 
|  37|0x0000000083d00000, 0x0000000083d00000, 0x0000000083e00000|  0%| F|  |TAMS 0x0000000083d00000, 0x0000000083d00000| Untracked 
|  38|0x0000000083e00000, 0x0000000083e00000, 0x0000000083f00000|  0%| F|  |TAMS 0x0000000083e00000, 0x0000000083e00000| Untracked 
|  39|0x0000000083f00000, 0x0000000083f00000, 0x0000000084000000|  0%| F|  |TAMS 0x0000000083f00000, 0x0000000083f00000| Untracked 
|  40|0x0000000084000000, 0x0000000084000000, 0x0000000084100000|  0%| F|  |TAMS 0x0000000084000000, 0x0000000084000000| Untracked 
|  41|0x0000000084100000, 0x0000000084100000, 0x0000000084200000|  0%| F|  |TAMS 0x0000000084100000, 0x0000000084100000| Untracked 
|  42|0x0000000084200000, 0x0000000084200000, 0x0000000084300000|  0%| F|  |TAMS 0x0000000084200000, 0x0000000084200000| Untracked 
|  43|0x0000000084300000, 0x0000000084300000, 0x0000000084400000|  0%| F|  |TAMS 0x0000000084300000, 0x0000000084300000| Untracked 
|  44|0x0000000084400000, 0x0000000084400000, 0x0000000084500000|  0%| F|  |TAMS 0x0000000084400000, 0x0000000084400000| Untracked 
|  45|0x0000000084500000, 0x0000000084500000, 0x0000000084600000|  0%| F|  |TAMS 0x0000000084500000, 0x0000000084500000| Untracked 
|  46|0x0000000084600000, 0x0000000084600000, 0x0000000084700000|  0%| F|  |TAMS 0x0000000084600000, 0x0000000084600000| Untracked 
|  47|0x0000000084700000, 0x0000000084700000, 0x0000000084800000|  0%| F|  |TAMS 0x0000000084700000, 0x0000000084700000| Untracked 
|  48|0x0000000084800000, 0x0000000084800000, 0x0000000084900000|  0%| F|  |TAMS 0x0000000084800000, 0x0000000084800000| Untracked 
|  49|0x0000000084900000, 0x0000000084900000, 0x0000000084a00000|  0%| F|  |TAMS 0x0000000084900000, 0x0000000084900000| Untracked 
|  50|0x0000000084a00000, 0x0000000084a00000, 0x0000000084b00000|  0%| F|  |TAMS 0x0000000084a00000, 0x0000000084a00000| Untracked 
|  51|0x0000000084b00000, 0x0000000084b00000, 0x0000000084c00000|  0%| F|  |TAMS 0x0000000084b00000, 0x0000000084b00000| Untracked 
|  52|0x0000000084c00000, 0x0000000084c00000, 0x0000000084d00000|  0%| F|  |TAMS 0x0000000084c00000, 0x0000000084c00000| Untracked 
|  53|0x0000000084d00000, 0x0000000084d00000, 0x0000000084e00000|  0%| F|  |TAMS 0x0000000084d00000, 0x0000000084d00000| Untracked 
|  54|0x0000000084e00000, 0x0000000084e00000, 0x0000000084f00000|  0%| F|  |TAMS 0x0000000084e00000, 0x0000000084e00000| Untracked 
|  55|0x0000000084f00000, 0x0000000084f00000, 0x0000000085000000|  0%| F|  |TAMS 0x0000000084f00000, 0x0000000084f00000| Untracked 
|  56|0x0000000085000000, 0x0000000085000000, 0x0000000085100000|  0%| F|  |TAMS 0x0000000085000000, 0x0000000085000000| Untracked 
|  57|0x0000000085100000, 0x0000000085100000, 0x0000000085200000|  0%| F|  |TAMS 0x0000000085100000, 0x0000000085100000| Untracked 
|  58|0x0000000085200000, 0x0000000085200000, 0x0000000085300000|  0%| F|  |TAMS 0x0000000085200000, 0x0000000085200000| Untracked 
|  59|0x0000000085300000, 0x0000000085300000, 0x0000000085400000|  0%| F|  |TAMS 0x0000000085300000, 0x0000000085300000| Untracked 
|  60|0x0000000085400000, 0x0000000085400000, 0x0000000085500000|  0%| F|  |TAMS 0x0000000085400000, 0x0000000085400000| Untracked 
|  61|0x0000000085500000, 0x0000000085500000, 0x0000000085600000|  0%| F|  |TAMS 0x0000000085500000, 0x0000000085500000| Untracked 
|  62|0x0000000085600000, 0x0000000085600000, 0x0000000085700000|  0%| F|  |TAMS 0x0000000085600000, 0x0000000085600000| Untracked 
|  63|0x0000000085700000, 0x0000000085700000, 0x0000000085800000|  0%| F|  |TAMS 0x0000000085700000, 0x0000000085700000| Untracked 
|  64|0x0000000085800000, 0x0000000085800000, 0x0000000085900000|  0%| F|  |TAMS 0x0000000085800000, 0x0000000085800000| Untracked 
|  65|0x0000000085900000, 0x0000000085900000, 0x0000000085a00000|  0%| F|  |TAMS 0x0000000085900000, 0x0000000085900000| Untracked 
|  66|0x0000000085a00000, 0x0000000085a00000, 0x0000000085b00000|  0%| F|  |TAMS 0x0000000085a00000, 0x0000000085a00000| Untracked 
|  67|0x0000000085b00000, 0x0000000085b00000, 0x0000000085c00000|  0%| F|  |TAMS 0x0000000085b00000, 0x0000000085b00000| Untracked 
|  68|0x0000000085c00000, 0x0000000085c00000, 0x0000000085d00000|  0%| F|  |TAMS 0x0000000085c00000, 0x0000000085c00000| Untracked 
|  69|0x0000000085d00000, 0x0000000085d00000, 0x0000000085e00000|  0%| F|  |TAMS 0x0000000085d00000, 0x0000000085d00000| Untracked 
|  70|0x0000000085e00000, 0x0000000085e00000, 0x0000000085f00000|  0%| F|  |TAMS 0x0000000085e00000, 0x0000000085e00000| Untracked 
|  71|0x0000000085f00000, 0x0000000085f00000, 0x0000000086000000|  0%| F|  |TAMS 0x0000000085f00000, 0x0000000085f00000| Untracked 
|  72|0x0000000086000000, 0x0000000086000000, 0x0000000086100000|  0%| F|  |TAMS 0x0000000086000000, 0x0000000086000000| Untracked 
|  73|0x0000000086100000, 0x0000000086100000, 0x0000000086200000|  0%| F|  |TAMS 0x0000000086100000, 0x0000000086100000| Untracked 
|  74|0x0000000086200000, 0x0000000086200000, 0x0000000086300000|  0%| F|  |TAMS 0x0000000086200000, 0x0000000086200000| Untracked 
|  75|0x0000000086300000, 0x0000000086300000, 0x0000000086400000|  0%| F|  |TAMS 0x0000000086300000, 0x0000000086300000| Untracked 
|  76|0x0000000086400000, 0x0000000086400000, 0x0000000086500000|  0%| F|  |TAMS 0x0000000086400000, 0x0000000086400000| Untracked 
|  77|0x0000000086500000, 0x0000000086500000, 0x0000000086600000|  0%| F|  |TAMS 0x0000000086500000, 0x0000000086500000| Untracked 
|  78|0x0000000086600000, 0x0000000086600000, 0x0000000086700000|  0%| F|  |TAMS 0x0000000086600000, 0x0000000086600000| Untracked 
|  79|0x0000000086700000, 0x0000000086700000, 0x0000000086800000|  0%| F|  |TAMS 0x0000000086700000, 0x0000000086700000| Untracked 
|  80|0x0000000086800000, 0x0000000086800000, 0x0000000086900000|  0%| F|  |TAMS 0x0000000086800000, 0x0000000086800000| Untracked 
|  81|0x0000000086900000, 0x0000000086900000, 0x0000000086a00000|  0%| F|  |TAMS 0x0000000086900000, 0x0000000086900000| Untracked 
|  82|0x0000000086a00000, 0x0000000086a00000, 0x0000000086b00000|  0%| F|  |TAMS 0x0000000086a00000, 0x0000000086a00000| Untracked 
|  83|0x0000000086b00000, 0x0000000086b00000, 0x0000000086c00000|  0%| F|  |TAMS 0x0000000086b00000, 0x0000000086b00000| Untracked 
|  84|0x0000000086c00000, 0x0000000086c00000, 0x0000000086d00000|  0%| F|  |TAMS 0x0000000086c00000, 0x0000000086c00000| Untracked 
|  85|0x0000000086d00000, 0x0000000086d00000, 0x0000000086e00000|  0%| F|  |TAMS 0x0000000086d00000, 0x0000000086d00000| Untracked 
|  86|0x0000000086e00000, 0x0000000086e00000, 0x0000000086f00000|  0%| F|  |TAMS 0x0000000086e00000, 0x0000000086e00000| Untracked 
|  87|0x0000000086f00000, 0x0000000086f00000, 0x0000000087000000|  0%| F|  |TAMS 0x0000000086f00000, 0x0000000086f00000| Untracked 
|  88|0x0000000087000000, 0x0000000087000000, 0x0000000087100000|  0%| F|  |TAMS 0x0000000087000000, 0x0000000087000000| Untracked 
|  89|0x0000000087100000, 0x0000000087100000, 0x0000000087200000|  0%| F|  |TAMS 0x0000000087100000, 0x0000000087100000| Untracked 
|  90|0x0000000087200000, 0x0000000087200000, 0x0000000087300000|  0%| F|  |TAMS 0x0000000087200000, 0x0000000087200000| Untracked 
|  91|0x0000000087300000, 0x0000000087300000, 0x0000000087400000|  0%| F|  |TAMS 0x0000000087300000, 0x0000000087300000| Untracked 
|  92|0x0000000087400000, 0x0000000087400000, 0x0000000087500000|  0%| F|  |TAMS 0x0000000087400000, 0x0000000087400000| Untracked 
|  93|0x0000000087500000, 0x0000000087500000, 0x0000000087600000|  0%| F|  |TAMS 0x0000000087500000, 0x0000000087500000| Untracked 
|  94|0x0000000087600000, 0x0000000087600000, 0x0000000087700000|  0%| F|  |TAMS 0x0000000087600000, 0x0000000087600000| Untracked 
|  95|0x0000000087700000, 0x0000000087700000, 0x0000000087800000|  0%| F|  |TAMS 0x0000000087700000, 0x0000000087700000| Untracked 
|  96|0x0000000087800000, 0x0000000087900000, 0x0000000087900000|100%| E|  |TAMS 0x0000000087800000, 0x0000000087800000| Complete 
|  97|0x0000000087900000, 0x0000000087a00000, 0x0000000087a00000|100%| E|CS|TAMS 0x0000000087900000, 0x0000000087900000| Complete 
|  98|0x0000000087a00000, 0x0000000087b00000, 0x0000000087b00000|100%| E|CS|TAMS 0x0000000087a00000, 0x0000000087a00000| Complete 
|  99|0x0000000087b00000, 0x0000000087c00000, 0x0000000087c00000|100%| E|CS|TAMS 0x0000000087b00000, 0x0000000087b00000| Complete 
| 100|0x0000000087c00000, 0x0000000087d00000, 0x0000000087d00000|100%| E|CS|TAMS 0x0000000087c00000, 0x0000000087c00000| Complete 
| 101|0x0000000087d00000, 0x0000000087e00000, 0x0000000087e00000|100%| E|CS|TAMS 0x0000000087d00000, 0x0000000087d00000| Complete 
| 102|0x0000000087e00000, 0x0000000087f00000, 0x0000000087f00000|100%| E|CS|TAMS 0x0000000087e00000, 0x0000000087e00000| Complete 
| 103|0x0000000087f00000, 0x0000000088000000, 0x0000000088000000|100%| E|CS|TAMS 0x0000000087f00000, 0x0000000087f00000| Complete 
| 104|0x0000000088000000, 0x0000000088100000, 0x0000000088100000|100%| E|CS|TAMS 0x0000000088000000, 0x0000000088000000| Complete 
| 105|0x0000000088100000, 0x0000000088200000, 0x0000000088200000|100%| E|CS|TAMS 0x0000000088100000, 0x0000000088100000| Complete 
| 106|0x0000000088200000, 0x0000000088300000, 0x0000000088300000|100%| E|CS|TAMS 0x0000000088200000, 0x0000000088200000| Complete 
| 107|0x0000000088300000, 0x0000000088400000, 0x0000000088400000|100%| E|CS|TAMS 0x0000000088300000, 0x0000000088300000| Complete 
| 108|0x0000000088400000, 0x0000000088500000, 0x0000000088500000|100%| E|CS|TAMS 0x0000000088400000, 0x0000000088400000| Complete 
| 109|0x0000000088500000, 0x0000000088600000, 0x0000000088600000|100%| E|CS|TAMS 0x0000000088500000, 0x0000000088500000| Complete 
| 110|0x0000000088600000, 0x0000000088700000, 0x0000000088700000|100%| E|CS|TAMS 0x0000000088600000, 0x0000000088600000| Complete 
| 111|0x0000000088700000, 0x0000000088800000, 0x0000000088800000|100%| E|CS|TAMS 0x0000000088700000, 0x0000000088700000| Complete 
| 112|0x0000000088800000, 0x0000000088900000, 0x0000000088900000|100%| S|CS|TAMS 0x0000000088800000, 0x0000000088800000| Complete 
| 113|0x0000000088900000, 0x0000000088a00000, 0x0000000088a00000|100%| S|CS|TAMS 0x0000000088900000, 0x0000000088900000| Complete 
| 114|0x0000000088a00000, 0x0000000088b00000, 0x0000000088b00000|100%| E|CS|TAMS 0x0000000088a00000, 0x0000000088a00000| Complete 
| 115|0x0000000088b00000, 0x0000000088c00000, 0x0000000088c00000|100%| E|CS|TAMS 0x0000000088b00000, 0x0000000088b00000| Complete 
| 116|0x0000000088c00000, 0x0000000088d00000, 0x0000000088d00000|100%| E|CS|TAMS 0x0000000088c00000, 0x0000000088c00000| Complete 
| 117|0x0000000088d00000, 0x0000000088e00000, 0x0000000088e00000|100%| E|CS|TAMS 0x0000000088d00000, 0x0000000088d00000| Complete 
| 118|0x0000000088e00000, 0x0000000088f00000, 0x0000000088f00000|100%| E|CS|TAMS 0x0000000088e00000, 0x0000000088e00000| Complete 
| 119|0x0000000088f00000, 0x0000000089000000, 0x0000000089000000|100%| E|CS|TAMS 0x0000000088f00000, 0x0000000088f00000| Complete 
| 120|0x0000000089000000, 0x0000000089100000, 0x0000000089100000|100%| E|CS|TAMS 0x0000000089000000, 0x0000000089000000| Complete 
| 121|0x0000000089100000, 0x0000000089200000, 0x0000000089200000|100%| E|CS|TAMS 0x0000000089100000, 0x0000000089100000| Complete 
| 122|0x0000000089200000, 0x0000000089300000, 0x0000000089300000|100%| E|CS|TAMS 0x0000000089200000, 0x0000000089200000| Complete 
| 123|0x0000000089300000, 0x0000000089400000, 0x0000000089400000|100%| E|CS|TAMS 0x0000000089300000, 0x0000000089300000| Complete 
| 124|0x0000000089400000, 0x0000000089500000, 0x0000000089500000|100%| E|CS|TAMS 0x0000000089400000, 0x0000000089400000| Complete 
| 125|0x0000000089500000, 0x0000000089600000, 0x0000000089600000|100%| E|CS|TAMS 0x0000000089500000, 0x0000000089500000| Complete 
| 126|0x0000000089600000, 0x0000000089700000, 0x0000000089700000|100%| E|CS|TAMS 0x0000000089600000, 0x0000000089600000| Complete 
| 127|0x0000000089700000, 0x0000000089800000, 0x0000000089800000|100%| E|CS|TAMS 0x0000000089700000, 0x0000000089700000| Complete 

Card table byte_map: [0x000001acea150000,0x000001acea550000] _byte_map_base: 0x000001ace9d44000

Marking Bits (Prev, Next): (CMBitMap*) 0x000001acd0938868, (CMBitMap*) 0x000001acd09388a8
 Prev Bits: [0x000001acea950000, 0x000001acec8f0000)
 Next Bits: [0x000001acec8f0000, 0x000001acee890000)

Polling page: 0x000001acd09c0000

Metaspace:

Usage:
  Non-class:      8.87 MB capacity,     6.72 MB ( 76%) used,     2.14 MB ( 24%) free+waste,     9.75 KB ( <1%) overhead. 
      Class:      1.25 MB capacity,   982.84 KB ( 77%) used,   296.16 KB ( 23%) free+waste,     5.00 KB ( <1%) overhead. 
       Both:     10.13 MB capacity,     7.68 MB ( 76%) used,     2.43 MB ( 24%) free+waste,    14.75 KB ( <1%) overhead. 

Virtual space:
  Non-class space:       10.00 MB reserved,       9.00 MB ( 90%) committed 
      Class space:        1.00 GB reserved,       1.38 MB ( <1%) committed 
             Both:        1.01 GB reserved,      10.38 MB (  1%) committed 

Chunk freelists:
   Non-Class:  4.00 KB
       Class:  28.00 KB
        Both:  32.00 KB

MaxMetaspaceSize: 17179869184.00 GB
CompressedClassSpaceSize: 1.00 GB

CodeHeap 'non-profiled nmethods': size=120000Kb used=527Kb max_used=527Kb free=119472Kb
 bounds [0x000001ace2090000, 0x000001ace2300000, 0x000001ace95c0000]
CodeHeap 'profiled nmethods': size=120000Kb used=2905Kb max_used=2905Kb free=117095Kb
 bounds [0x000001acdab60000, 0x000001acdae40000, 0x000001ace2090000]
CodeHeap 'non-nmethods': size=5760Kb used=1155Kb max_used=1189Kb free=4604Kb
 bounds [0x000001acda5c0000, 0x000001acda830000, 0x000001acdab60000]
 total_blobs=2326 nmethods=1337 adapters=310
 compilation: enabled
              stopped_count=0, restarted_count=0
 full_count=0

Compilation events (20 events):
Event: 2.219 Thread 0x000001acf0ef6800 1328       3       com.google.common.base.Preconditions::checkPositionIndex (8 bytes)
Event: 2.219 Thread 0x000001acf0ef6800 nmethod 1328 0x000001acdae31410 code [0x000001acdae315e0, 0x000001acdae31920]
Event: 2.219 Thread 0x000001acf0ef6800 1330       3       com.google.inject.spi.ElementSource::<init> (51 bytes)
Event: 2.220 Thread 0x000001acf0ef6800 nmethod 1330 0x000001acdae31a90 code [0x000001acdae31d00, 0x000001acdae327a0]
Event: 2.220 Thread 0x000001acf0ef6800 1331       3       java.util.Collections::emptySet (4 bytes)
Event: 2.220 Thread 0x000001acf0ef6800 nmethod 1331 0x000001acdae32b10 code [0x000001acdae32ca0, 0x000001acdae32df8]
Event: 2.220 Thread 0x000001acf0ef6800 1329       3       com.google.common.base.Preconditions::checkPositionIndex (25 bytes)
Event: 2.220 Thread 0x000001acf0ef6800 nmethod 1329 0x000001acdae32e90 code [0x000001acdae33060, 0x000001acdae33340]
Event: 2.222 Thread 0x000001acf0ef6800 1332       3       java.lang.Class::privateGetDeclaredConstructors (79 bytes)
Event: 2.223 Thread 0x000001acf0ef6800 nmethod 1332 0x000001acdae33490 code [0x000001acdae33680, 0x000001acdae33c10]
Event: 2.223 Thread 0x000001acf0ef6800 1334       3       org.eclipse.sisu.space.asm.ByteVector::putShort (52 bytes)
Event: 2.223 Thread 0x000001acf0ef6800 nmethod 1334 0x000001acdae33e10 code [0x000001acdae33fc0, 0x000001acdae34250]
Event: 2.223 Thread 0x000001acf0ef6800 1333       3       java.util.LinkedHashMap$LinkedValues::size (8 bytes)
Event: 2.223 Thread 0x000001acf0ef6800 nmethod 1333 0x000001acdae34390 code [0x000001acdae34540, 0x000001acdae346d8]
Event: 2.224 Thread 0x000001acf0ef6800 1335       3       com.google.common.collect.ImmutableCollection$Builder::<init> (5 bytes)
Event: 2.224 Thread 0x000001acf0ef6800 nmethod 1335 0x000001acdae34790 code [0x000001acdae34940, 0x000001acdae34b18]
Event: 2.224 Thread 0x000001acf0ef6800 1336       3       com.google.inject.internal.Annotations::getKey (39 bytes)
Event: 2.226 Thread 0x000001acf0ef6800 nmethod 1336 0x000001acdae34c10 code [0x000001acdae34e80, 0x000001acdae357f0]
Event: 2.226 Thread 0x000001acf0ef6800 1337       3       com.google.inject.internal.Errors::throwIfNewErrors (14 bytes)
Event: 2.226 Thread 0x000001acf0ef6800 nmethod 1337 0x000001acdae35b90 code [0x000001acdae35d80, 0x000001acdae36220]

GC Heap History (2 events):
Event: 1.050 GC heap before
{Heap before GC invocations=0 (full 0):
 garbage-first heap   total 131072K, used 14336K [0x0000000081800000, 0x0000000100000000)
  region size 1024K, 14 young (14336K), 0 survivors (0K)
 Metaspace       used 3790K, capacity 7010K, committed 7296K, reserved 1056768K
  class space    used 449K, capacity 787K, committed 896K, reserved 1048576K
}
Event: 1.081 GC heap after
{Heap after GC invocations=1 (full 0):
 garbage-first heap   total 131072K, used 2966K [0x0000000081800000, 0x0000000100000000)
  region size 1024K, 2 young (2048K), 2 survivors (2048K)
 Metaspace       used 3790K, capacity 7010K, committed 7296K, reserved 1056768K
  class space    used 449K, capacity 787K, committed 896K, reserved 1048576K
}

Deoptimization events (20 events):
Event: 1.917 Thread 0x000001acd08f4800 Uncommon trap: trap_request=0xffffffc6 fr.pc=0x000001ace20f45f4 relative=0x0000000000000a54
Event: 1.917 Thread 0x000001acd08f4800 Uncommon trap: reason=bimorphic_or_optimized_type_check action=maybe_recompile pc=0x000001ace20f45f4 method=java.util.HashMap.putVal(ILjava/lang/Object;Ljava/lang/Object;ZZ)Ljava/lang/Object; @ 203 c2
Event: 1.917 Thread 0x000001acd08f4800 DEOPT PACKING pc=0x000001ace20f45f4 sp=0x0000009e6a0fca60
Event: 1.917 Thread 0x000001acd08f4800 DEOPT UNPACKING pc=0x000001acda60912f sp=0x0000009e6a0fc980 mode 2
Event: 1.917 Thread 0x000001acd08f4800 Uncommon trap: trap_request=0xffffff45 fr.pc=0x000001ace20ce8b4 relative=0x0000000000000174
Event: 1.917 Thread 0x000001acd08f4800 Uncommon trap: reason=unstable_if action=reinterpret pc=0x000001ace20ce8b4 method=java.util.HashMap.getNode(ILjava/lang/Object;)Ljava/util/HashMap$Node; @ 129 c2
Event: 1.917 Thread 0x000001acd08f4800 DEOPT PACKING pc=0x000001ace20ce8b4 sp=0x0000009e6a0fca00
Event: 1.917 Thread 0x000001acd08f4800 DEOPT UNPACKING pc=0x000001acda60912f sp=0x0000009e6a0fc998 mode 2
Event: 1.952 Thread 0x000001acd08f4800 Uncommon trap: trap_request=0xffffffc6 fr.pc=0x000001ace20f45f4 relative=0x0000000000000a54
Event: 1.952 Thread 0x000001acd08f4800 Uncommon trap: reason=bimorphic_or_optimized_type_check action=maybe_recompile pc=0x000001ace20f45f4 method=java.util.HashMap.putVal(ILjava/lang/Object;Ljava/lang/Object;ZZ)Ljava/lang/Object; @ 203 c2
Event: 1.952 Thread 0x000001acd08f4800 DEOPT PACKING pc=0x000001ace20f45f4 sp=0x0000009e6a0fce00
Event: 1.952 Thread 0x000001acd08f4800 DEOPT UNPACKING pc=0x000001acda60912f sp=0x0000009e6a0fcd20 mode 2
Event: 2.087 Thread 0x000001acd08f4800 Uncommon trap: trap_request=0xffffff45 fr.pc=0x000001ace2101a78 relative=0x0000000000001158
Event: 2.087 Thread 0x000001acd08f4800 Uncommon trap: reason=unstable_if action=reinterpret pc=0x000001ace2101a78 method=java.util.concurrent.ConcurrentHashMap.addCount(JI)V @ 171 c2
Event: 2.087 Thread 0x000001acd08f4800 DEOPT PACKING pc=0x000001ace2101a78 sp=0x0000009e6a0fdb70
Event: 2.087 Thread 0x000001acd08f4800 DEOPT UNPACKING pc=0x000001acda60912f sp=0x0000009e6a0fda30 mode 2
Event: 2.088 Thread 0x000001acd08f4800 Uncommon trap: trap_request=0xffffff45 fr.pc=0x000001ace20e65fc relative=0x00000000000001bc
Event: 2.088 Thread 0x000001acd08f4800 Uncommon trap: reason=unstable_if action=reinterpret pc=0x000001ace20e65fc method=java.util.concurrent.ConcurrentHashMap.addCount(JI)V @ 171 c2
Event: 2.088 Thread 0x000001acd08f4800 DEOPT PACKING pc=0x000001ace20e65fc sp=0x0000009e6a0fdab0
Event: 2.088 Thread 0x000001acd08f4800 DEOPT UNPACKING pc=0x000001acda60912f sp=0x0000009e6a0fda10 mode 2

Classes unloaded (0 events):
No events

Classes redefined (0 events):
No events

Internal exceptions (2 events):
Event: 0.523 Thread 0x000001acd08f4800 Exception <a 'java/lang/NoSuchMethodError'{0x00000000892d8ab8}: 'int java.lang.invoke.DirectMethodHandle$Holder.invokeSpecialIFC(java.lang.Object, java.lang.Object, int)'> (0x00000000892d8ab8) 
thrown [t:/workspace/open/src/hotspot/share/interpreter/linkResolver.cpp, line 767]
Event: 2.224 Thread 0x000001acd08f4800 Implicit null exception at 0x000001acdae0e1fa to 0x0000000000000000

Events (20 events):
Event: 2.221 loading class org/apache/maven/lifecycle/internal/DefaultLifecycleTaskSegmentCalculator
Event: 2.221 loading class org/apache/maven/lifecycle/internal/DefaultLifecycleTaskSegmentCalculator done
Event: 2.221 loading class org/apache/maven/lifecycle/internal/DefaultLifecycleTaskSegmentCalculator
Event: 2.221 loading class org/apache/maven/lifecycle/internal/DefaultLifecycleTaskSegmentCalculator done
Event: 2.222 loading class org/apache/maven/model/path/DefaultPathTranslator
Event: 2.222 loading class org/apache/maven/model/path/DefaultPathTranslator done
Event: 2.222 loading class org/apache/maven/model/path/DefaultPathTranslator
Event: 2.222 loading class org/apache/maven/model/path/DefaultPathTranslator done
Event: 2.222 loading class org/apache/maven/lifecycle/mapping/DefaultLifecycleMapping$__sisu3
Event: 2.222 loading class org/apache/maven/lifecycle/mapping/DefaultLifecycleMapping$__sisu3 done
Event: 2.223 loading class org/sonatype/plexus/components/sec/dispatcher/DefaultSecDispatcher$__sisu22
Event: 2.223 loading class org/sonatype/plexus/components/sec/dispatcher/DefaultSecDispatcher$__sisu22 done
Event: 2.223 loading class org/sonatype/plexus/components/sec/dispatcher/DefaultSecDispatcher
Event: 2.223 loading class org/sonatype/plexus/components/sec/dispatcher/DefaultSecDispatcher done
Event: 2.223 loading class org/sonatype/plexus/components/sec/dispatcher/DefaultSecDispatcher
Event: 2.223 loading class org/sonatype/plexus/components/sec/dispatcher/DefaultSecDispatcher done
Event: 2.223 loading class org/sonatype/plexus/components/sec/dispatcher/SecDispatcherException
Event: 2.223 loading class org/sonatype/plexus/components/sec/dispatcher/SecDispatcherException done
Event: 2.224 loading class org/sonatype/plexus/components/sec/dispatcher/model/SettingsSecurity
Event: 2.224 loading class org/sonatype/plexus/components/sec/dispatcher/model/SettingsSecurity done


Dynamic libraries:
0x00007ff6bcd00000 - 0x00007ff6bcd0f000 	C:\Program Files\Java\jdk-13.0.2\bin\java.exe
0x00007ffbc1130000 - 0x00007ffbc131d000 	C:\WINDOWS\SYSTEM32\ntdll.dll
0x00007ffbb44b0000 - 0x00007ffbb44c3000 	C:\Program Files\AVAST Software\Avast\aswhook.dll
0x00007ffbc0a00000 - 0x00007ffbc0ab3000 	C:\WINDOWS\System32\KERNEL32.DLL
0x00007ffbbdfa0000 - 0x00007ffbbe235000 	C:\WINDOWS\System32\KERNELBASE.dll
0x00007ffbbdea0000 - 0x00007ffbbdf9a000 	C:\WINDOWS\System32\ucrtbase.dll
0x00007ffb923b0000 - 0x00007ffb923c8000 	C:\Program Files\Java\jdk-13.0.2\bin\jli.dll
0x00007ffbc0720000 - 0x00007ffbc07c3000 	C:\WINDOWS\System32\ADVAPI32.dll
0x00007ffbbfc90000 - 0x00007ffbbfd2e000 	C:\WINDOWS\System32\msvcrt.dll
0x00007ffbc0060000 - 0x00007ffbc00fe000 	C:\WINDOWS\System32\sechost.dll
0x00007ffbc0580000 - 0x00007ffbc06a2000 	C:\WINDOWS\System32\RPCRT4.dll
0x00007ffbc0860000 - 0x00007ffbc09f7000 	C:\WINDOWS\System32\USER32.dll
0x00007ffbbd6e0000 - 0x00007ffbbd700000 	C:\WINDOWS\System32\win32u.dll
0x00007ffbc0830000 - 0x00007ffbc0859000 	C:\WINDOWS\System32\GDI32.dll
0x00007ffbbd540000 - 0x00007ffbbd6da000 	C:\WINDOWS\System32\gdi32full.dll
0x00007ffbbd270000 - 0x00007ffbbd310000 	C:\WINDOWS\System32\msvcp_win.dll
0x00007ffbb9450000 - 0x00007ffbb9465000 	C:\Program Files\Java\jdk-13.0.2\bin\VCRUNTIME140.dll
0x00007ffba6100000 - 0x00007ffba6379000 	C:\WINDOWS\WinSxS\amd64_microsoft.windows.common-controls_6595b64144ccf1df_6.0.17763.1282_none_de75b6f253473c0f\COMCTL32.dll
0x00007ffbc0bf0000 - 0x00007ffbc0f1c000 	C:\WINDOWS\System32\combase.dll
0x00007ffbbd1f0000 - 0x00007ffbbd26e000 	C:\WINDOWS\System32\bcryptPrimitives.dll
0x00007ffbb5e80000 - 0x00007ffbb5e8a000 	C:\WINDOWS\SYSTEM32\VERSION.dll
0x00007ffbc07e0000 - 0x00007ffbc080e000 	C:\WINDOWS\System32\IMM32.DLL
0x00007ffb8aaf0000 - 0x00007ffb8ab8b000 	C:\Program Files\Java\jdk-13.0.2\bin\msvcp140.dll
0x00007ffb848f0000 - 0x00007ffb8544d000 	C:\Program Files\Java\jdk-13.0.2\bin\server\jvm.dll
0x00007ffbbfaf0000 - 0x00007ffbbfaf8000 	C:\WINDOWS\System32\PSAPI.DLL
0x00007ffbb0fa0000 - 0x00007ffbb0fa9000 	C:\WINDOWS\SYSTEM32\WSOCK32.dll
0x00007ffbbfff0000 - 0x00007ffbc005d000 	C:\WINDOWS\System32\WS2_32.dll
0x00007ffbbb280000 - 0x00007ffbbb2a4000 	C:\WINDOWS\SYSTEM32\WINMM.dll
0x00007ffbbb250000 - 0x00007ffbbb27d000 	C:\WINDOWS\SYSTEM32\WINMMBASE.dll
0x00007ffbbd700000 - 0x00007ffbbd74a000 	C:\WINDOWS\System32\cfgmgr32.dll
0x00007ffbbd120000 - 0x00007ffbbd131000 	C:\WINDOWS\System32\kernel.appcore.dll
0x00007ffbbb2b0000 - 0x00007ffbbb2c0000 	C:\Program Files\Java\jdk-13.0.2\bin\verify.dll
0x00007ffbb5660000 - 0x00007ffbb584d000 	C:\WINDOWS\SYSTEM32\DBGHELP.DLL
0x00007ffbb5630000 - 0x00007ffbb565a000 	C:\WINDOWS\SYSTEM32\dbgcore.DLL
0x00007ffba3670000 - 0x00007ffba3696000 	C:\Program Files\Java\jdk-13.0.2\bin\java.dll
0x00007ffbb9220000 - 0x00007ffbb9237000 	C:\Program Files\Java\jdk-13.0.2\bin\zip.dll
0x00007ffbbac50000 - 0x00007ffbbac5a000 	C:\Program Files\Java\jdk-13.0.2\bin\jimage.dll
0x00007ffbbe540000 - 0x00007ffbbfa38000 	C:\WINDOWS\System32\SHELL32.dll
0x00007ffbbfa40000 - 0x00007ffbbfae8000 	C:\WINDOWS\System32\shcore.dll
0x00007ffbbd750000 - 0x00007ffbbde9f000 	C:\WINDOWS\System32\windows.storage.dll
0x00007ffbbd1c0000 - 0x00007ffbbd1e4000 	C:\WINDOWS\System32\profapi.dll
0x00007ffbbd140000 - 0x00007ffbbd19d000 	C:\WINDOWS\System32\powrprof.dll
0x00007ffbc06b0000 - 0x00007ffbc0702000 	C:\WINDOWS\System32\shlwapi.dll
0x00007ffbbd310000 - 0x00007ffbbd327000 	C:\WINDOWS\System32\cryptsp.dll
0x00007ffbb43e0000 - 0x00007ffbb43f9000 	C:\Program Files\Java\jdk-13.0.2\bin\net.dll
0x00007ffbb5510000 - 0x00007ffbb5602000 	C:\WINDOWS\SYSTEM32\WINHTTP.dll
0x00007ffbbc920000 - 0x00007ffbbc987000 	C:\WINDOWS\system32\mswsock.dll
0x00007ffbb2f90000 - 0x00007ffbb2fa3000 	C:\Program Files\Java\jdk-13.0.2\bin\nio.dll

dbghelp: loaded successfully - version: 4.0.5 - missing functions: none
symbol engine: initialized successfully - sym options: 0x614 - pdb path: .;C:\Program Files\Java\jdk-13.0.2\bin;C:\WINDOWS\SYSTEM32;C:\Program Files\AVAST Software\Avast;C:\WINDOWS\WinSxS\amd64_microsoft.windows.common-controls_6595b64144ccf1df_6.0.17763.1282_none_de75b6f253473c0f;C:\Program Files\Java\jdk-13.0.2\bin\server

VM Arguments:
jvm_args: -Dclassworlds.conf=C:\Program Files\NetBeans-11.3\netbeans\java\maven\bin\m2.conf -Dmaven.home=C:\Program Files\NetBeans-11.3\netbeans\java\maven -Dmaven.multiModuleProjectDirectory=C:\Users\acteck\Documents\NetBeansProjects\181803007-RAMIREZ-JOSEEDUARDO-POO\provedoresCrud 
java_command: org.codehaus.plexus.classworlds.launcher.Launcher -Dnetbeans.deploy=true -Dnetbeans.deploy.clientUrlPart=/formularioProvedor.jsp -Dmaven.ext.class.path=C:\Program Files\NetBeans-11.3\netbeans\java\maven-nblib\netbeans-eventspy.jar -Dfile.encoding=UTF-8 package
java_class_path (initial): C:\Program Files\NetBeans-11.3\netbeans\java\maven\boot\plexus-classworlds-2.5.2.jar
Launcher Type: SUN_STANDARD

[Global flags]
     intx CICompilerCount                          = 3                                         {product} {ergonomic}
     uint ConcGCThreads                            = 1                                         {product} {ergonomic}
     uint G1ConcRefinementThreads                  = 4                                         {product} {ergonomic}
   size_t G1HeapRegionSize                         = 1048576                                   {product} {ergonomic}
    uintx GCDrainStackTargetSize                   = 64                                        {product} {ergonomic}
   size_t InitialHeapSize                          = 134217728                                 {product} {ergonomic}
   size_t MarkStackSize                            = 4194304                                   {product} {ergonomic}
   size_t MaxHeapSize                              = 2122317824                                {product} {ergonomic}
   size_t MaxNewSize                               = 1272971264                                {product} {ergonomic}
   size_t MinHeapDeltaBytes                        = 1048576                                   {product} {ergonomic}
   size_t MinHeapSize                              = 8388608                                   {product} {ergonomic}
    uintx NonNMethodCodeHeapSize                   = 5832780                                {pd product} {ergonomic}
    uintx NonProfiledCodeHeapSize                  = 122912730                              {pd product} {ergonomic}
    uintx ProfiledCodeHeapSize                     = 122912730                              {pd product} {ergonomic}
    uintx ReservedCodeCacheSize                    = 251658240                              {pd product} {ergonomic}
     bool SegmentedCodeCache                       = true                                      {product} {ergonomic}
   size_t SoftMaxHeapSize                          = 2122317824                             {manageable} {ergonomic}
     bool UseCompressedClassPointers               = true                                 {lp64_product} {ergonomic}
     bool UseCompressedOops                        = true                                 {lp64_product} {ergonomic}
     bool UseG1GC                                  = true                                      {product} {ergonomic}
     bool UseLargePagesIndividualAllocation        = false                                  {pd product} {ergonomic}

Logging:
Log output configuration:
 #0: stdout all=warning uptime,level,tags
 #1: stderr all=off uptime,level,tags

Environment Variables:
JAVA_HOME=C:\Program Files\Java\jdk-13.0.2
PATH=C:\Program Files (x86)\Common Files\Oracle\Java\javapath;C:\ProgramData\Oracle\Java\javapath;C:\Program Files (x86)\NVIDIA Corporation\PhysX\Common;C:\WINDOWS\system32;C:\WINDOWS;C:\WINDOWS\System32\Wbem;C:\WINDOWS\System32\WindowsPowerShell\v1.0\;C:\Users\acteck\AppData\Local\Microsoft\WindowsApps;C:\adb;C:\WINDOWS\system32;C:\WINDOWS;C:\WINDOWS\System32\Wbem;C:\WINDOWS\System32\WindowsPowerShell\v1.0\;C:\WINDOWS\System32\OpenSSH\;C:\Program Files\Git\cmd;C:\Users\acteck\AppData\Local\Programs\Python\Python38-32\Scripts\;C:\Users\acteck\AppData\Local\Programs\Python\Python38-32\;C:\Python3\Scripts\;C:\Python3\;C:\Program Files\MySQL\MySQL Shell 8.0\bin\;C:\Users\acteck\AppData\Local\Programs\Python\Python37-32\Scripts\;C:\Users\acteck\AppData\Local\Programs\Python\Python37-32\;C:\Users\acteck\AppData\Local\Microsoft\WindowsApps;
USERNAME=acteck
OS=Windows_NT
PROCESSOR_IDENTIFIER=Intel64 Family 6 Model 60 Stepping 3, GenuineIntel



---------------  S Y S T E M  ---------------

OS: Windows 10 , 64 bit Build 17763 (10.0.17763.1158)

CPU:total 4 (initial active 4) (2 cores per cpu, 2 threads per core) family 6 model 60 stepping 3, cmov, cx8, fxsr, mmx, sse, sse2, sse3, ssse3, sse4.1, sse4.2, popcnt, avx, avx2, aes, clmul, erms, lzcnt, ht, tsc, tscinvbit, bmi1, bmi2, fma

Memory: 4k page, system-wide physical 8090M (1874M free)
TotalPageFile size 20090M (AvailPageFile size 11326M)
current process WorkingSet (physical memory assigned to process): 89M, peak: 89M
current process commit charge ("private bytes"): 227M, peak: 227M

vm_info: Java HotSpot(TM) 64-Bit Server VM (13.0.2+8) for windows-amd64 JRE (13.0.2+8), built on Dec 11 2019 09:20:33 by "mach5one" with unknown MS VC++:1916

END.
